{"C:\\Users\\umity\\Desktop\\ufakisler\\isbul\\server\\src\\app.js": {"path":"C:\\Users\\umity\\Desktop\\ufakisler\\isbul\\server\\src\\app.js","statementMap":{"0":{"start":{"line":12,"column":0},"end":{"line":12,"column":82}},"1":{"start":{"line":15,"column":15},"end":{"line":15,"column":38}},"2":{"start":{"line":16,"column":0},"end":{"line":21,"column":3}},"3":{"start":{"line":23,"column":15},"end":{"line":23,"column":41}},"4":{"start":{"line":24,"column":0},"end":{"line":24,"column":23}},"5":{"start":{"line":25,"column":17},"end":{"line":25,"column":35}},"6":{"start":{"line":26,"column":17},"end":{"line":26,"column":32}},"7":{"start":{"line":27,"column":17},"end":{"line":27,"column":34}},"8":{"start":{"line":28,"column":17},"end":{"line":28,"column":34}},"9":{"start":{"line":29,"column":17},"end":{"line":29,"column":45}},"10":{"start":{"line":30,"column":34},"end":{"line":30,"column":49}},"11":{"start":{"line":31,"column":27},"end":{"line":31,"column":59}},"12":{"start":{"line":32,"column":55},"end":{"line":32,"column":90}},"13":{"start":{"line":34,"column":23},"end":{"line":34,"column":49}},"14":{"start":{"line":34,"column":43},"end":{"line":34,"column":49}},"15":{"start":{"line":35,"column":15},"end":{"line":35,"column":46}},"16":{"start":{"line":36,"column":25},"end":{"line":36,"column":65}},"17":{"start":{"line":37,"column":25},"end":{"line":37,"column":62}},"18":{"start":{"line":38,"column":25},"end":{"line":38,"column":64}},"19":{"start":{"line":39,"column":55},"end":{"line":39,"column":82}},"20":{"start":{"line":40,"column":12},"end":{"line":40,"column":21}},"21":{"start":{"line":42,"column":0},"end":{"line":53,"column":4}},"22":{"start":{"line":55,"column":23},"end":{"line":65,"column":1}},"23":{"start":{"line":66,"column":0},"end":{"line":81,"column":4}},"24":{"start":{"line":69,"column":4},"end":{"line":69,"column":45}},"25":{"start":{"line":69,"column":17},"end":{"line":69,"column":45}},"26":{"start":{"line":70,"column":4},"end":{"line":70,"column":69}},"27":{"start":{"line":70,"column":41},"end":{"line":70,"column":69}},"28":{"start":{"line":72,"column":4},"end":{"line":74,"column":5}},"29":{"start":{"line":73,"column":6},"end":{"line":73,"column":34}},"30":{"start":{"line":75,"column":4},"end":{"line":75,"column":70}},"31":{"start":{"line":83,"column":0},"end":{"line":85,"column":1}},"32":{"start":{"line":84,"column":2},"end":{"line":84,"column":87}},"33":{"start":{"line":84,"column":57},"end":{"line":84,"column":80}},"34":{"start":{"line":87,"column":0},"end":{"line":87,"column":41}},"35":{"start":{"line":88,"column":0},"end":{"line":88,"column":48}},"36":{"start":{"line":90,"column":0},"end":{"line":90,"column":31}},"37":{"start":{"line":92,"column":0},"end":{"line":92,"column":28}},"38":{"start":{"line":94,"column":0},"end":{"line":94,"column":34}},"39":{"start":{"line":96,"column":0},"end":{"line":96,"column":88}},"40":{"start":{"line":100,"column":11},"end":{"line":100,"column":27}},"41":{"start":{"line":101,"column":0},"end":{"line":101,"column":80}},"42":{"start":{"line":102,"column":0},"end":{"line":102,"column":82}},"43":{"start":{"line":103,"column":0},"end":{"line":103,"column":86}},"44":{"start":{"line":104,"column":0},"end":{"line":104,"column":88}},"45":{"start":{"line":105,"column":0},"end":{"line":105,"column":88}},"46":{"start":{"line":106,"column":0},"end":{"line":106,"column":86}},"47":{"start":{"line":107,"column":0},"end":{"line":107,"column":98}},"48":{"start":{"line":108,"column":0},"end":{"line":108,"column":82}},"49":{"start":{"line":109,"column":0},"end":{"line":109,"column":86}},"50":{"start":{"line":111,"column":0},"end":{"line":111,"column":23}},"51":{"start":{"line":112,"column":0},"end":{"line":112,"column":23}},"52":{"start":{"line":114,"column":0},"end":{"line":147,"column":3}},"53":{"start":{"line":115,"column":2},"end":{"line":146,"column":5}},"54":{"start":{"line":150,"column":0},"end":{"line":161,"column":3}},"55":{"start":{"line":151,"column":2},"end":{"line":160,"column":5}},"56":{"start":{"line":164,"column":0},"end":{"line":173,"column":3}},"57":{"start":{"line":165,"column":2},"end":{"line":172,"column":5}},"58":{"start":{"line":175,"column":0},"end":{"line":195,"column":3}},"59":{"start":{"line":176,"column":2},"end":{"line":176,"column":31}},"60":{"start":{"line":178,"column":2},"end":{"line":183,"column":3}},"61":{"start":{"line":179,"column":4},"end":{"line":182,"column":7}},"62":{"start":{"line":184,"column":2},"end":{"line":184,"column":52}},"63":{"start":{"line":185,"column":2},"end":{"line":194,"column":5}},"64":{"start":{"line":198,"column":2},"end":{"line":198,"column":17}},"65":{"start":{"line":199,"column":2},"end":{"line":199,"column":18}},"66":{"start":{"line":200,"column":15},"end":{"line":200,"column":39}},"67":{"start":{"line":201,"column":2},"end":{"line":208,"column":5}},"68":{"start":{"line":202,"column":4},"end":{"line":202,"column":36}},"69":{"start":{"line":203,"column":4},"end":{"line":203,"column":55}},"70":{"start":{"line":204,"column":4},"end":{"line":204,"column":66}},"71":{"start":{"line":205,"column":4},"end":{"line":205,"column":64}},"72":{"start":{"line":206,"column":4},"end":{"line":206,"column":71}},"73":{"start":{"line":207,"column":4},"end":{"line":207,"column":50}},"74":{"start":{"line":210,"column":0},"end":{"line":212,"column":1}},"75":{"start":{"line":211,"column":2},"end":{"line":211,"column":85}},"76":{"start":{"line":211,"column":25},"end":{"line":211,"column":64}},"77":{"start":{"line":211,"column":65},"end":{"line":211,"column":81}},"78":{"start":{"line":213,"column":0},"end":{"line":213,"column":33}}},"fnMap":{"0":{"name":"(anonymous_0)","decl":{"start":{"line":34,"column":23},"end":{"line":34,"column":24}},"loc":{"start":{"line":34,"column":43},"end":{"line":34,"column":49}},"line":34},"1":{"name":"(anonymous_1)","decl":{"start":{"line":67,"column":10},"end":{"line":67,"column":11}},"loc":{"start":{"line":67,"column":32},"end":{"line":76,"column":3}},"line":67},"2":{"name":"(anonymous_2)","decl":{"start":{"line":84,"column":48},"end":{"line":84,"column":49}},"loc":{"start":{"line":84,"column":57},"end":{"line":84,"column":80}},"line":84},"3":{"name":"(anonymous_3)","decl":{"start":{"line":114,"column":23},"end":{"line":114,"column":24}},"loc":{"start":{"line":114,"column":37},"end":{"line":147,"column":1}},"line":114},"4":{"name":"(anonymous_4)","decl":{"start":{"line":150,"column":26},"end":{"line":150,"column":27}},"loc":{"start":{"line":150,"column":40},"end":{"line":161,"column":1}},"line":150},"5":{"name":"(anonymous_5)","decl":{"start":{"line":164,"column":8},"end":{"line":164,"column":9}},"loc":{"start":{"line":164,"column":22},"end":{"line":173,"column":1}},"line":164},"6":{"name":"(anonymous_6)","decl":{"start":{"line":175,"column":8},"end":{"line":175,"column":9}},"loc":{"start":{"line":175,"column":33},"end":{"line":195,"column":1}},"line":175},"7":{"name":"start","decl":{"start":{"line":197,"column":15},"end":{"line":197,"column":20}},"loc":{"start":{"line":197,"column":23},"end":{"line":209,"column":1}},"line":197},"8":{"name":"(anonymous_8)","decl":{"start":{"line":201,"column":19},"end":{"line":201,"column":20}},"loc":{"start":{"line":201,"column":25},"end":{"line":208,"column":3}},"line":201},"9":{"name":"(anonymous_9)","decl":{"start":{"line":211,"column":16},"end":{"line":211,"column":17}},"loc":{"start":{"line":211,"column":23},"end":{"line":211,"column":83}},"line":211}},"branchMap":{"0":{"loc":{"start":{"line":18,"column":15},"end":{"line":18,"column":52}},"type":"binary-expr","locations":[{"start":{"line":18,"column":15},"end":{"line":18,"column":35}},{"start":{"line":18,"column":39},"end":{"line":18,"column":52}}],"line":18},"1":{"loc":{"start":{"line":36,"column":25},"end":{"line":36,"column":65}},"type":"cond-expr","locations":[{"start":{"line":36,"column":34},"end":{"line":36,"column":48}},{"start":{"line":36,"column":51},"end":{"line":36,"column":65}}],"line":36},"2":{"loc":{"start":{"line":37,"column":25},"end":{"line":37,"column":62}},"type":"cond-expr","locations":[{"start":{"line":37,"column":34},"end":{"line":37,"column":48}},{"start":{"line":37,"column":51},"end":{"line":37,"column":62}}],"line":37},"3":{"loc":{"start":{"line":38,"column":25},"end":{"line":38,"column":64}},"type":"cond-expr","locations":[{"start":{"line":38,"column":34},"end":{"line":38,"column":48}},{"start":{"line":38,"column":51},"end":{"line":38,"column":64}}],"line":38},"4":{"loc":{"start":{"line":56,"column":2},"end":{"line":56,"column":53}},"type":"binary-expr","locations":[{"start":{"line":56,"column":2},"end":{"line":56,"column":26}},{"start":{"line":56,"column":30},"end":{"line":56,"column":53}}],"line":56},"5":{"loc":{"start":{"line":69,"column":4},"end":{"line":69,"column":45}},"type":"if","locations":[{"start":{"line":69,"column":4},"end":{"line":69,"column":45}},{"start":{},"end":{}}],"line":69},"6":{"loc":{"start":{"line":70,"column":4},"end":{"line":70,"column":69}},"type":"if","locations":[{"start":{"line":70,"column":4},"end":{"line":70,"column":69}},{"start":{},"end":{}}],"line":70},"7":{"loc":{"start":{"line":72,"column":4},"end":{"line":74,"column":5}},"type":"if","locations":[{"start":{"line":72,"column":4},"end":{"line":74,"column":5}},{"start":{},"end":{}}],"line":72},"8":{"loc":{"start":{"line":72,"column":8},"end":{"line":72,"column":88}},"type":"binary-expr","locations":[{"start":{"line":72,"column":8},"end":{"line":72,"column":45}},{"start":{"line":72,"column":49},"end":{"line":72,"column":88}}],"line":72},"9":{"loc":{"start":{"line":83,"column":0},"end":{"line":85,"column":1}},"type":"if","locations":[{"start":{"line":83,"column":0},"end":{"line":85,"column":1}},{"start":{},"end":{}}],"line":83},"10":{"loc":{"start":{"line":178,"column":2},"end":{"line":183,"column":3}},"type":"if","locations":[{"start":{"line":178,"column":2},"end":{"line":183,"column":3}},{"start":{},"end":{}}],"line":178},"11":{"loc":{"start":{"line":184,"column":32},"end":{"line":184,"column":50}},"type":"binary-expr","locations":[{"start":{"line":184,"column":32},"end":{"line":184,"column":43}},{"start":{"line":184,"column":47},"end":{"line":184,"column":50}}],"line":184},"12":{"loc":{"start":{"line":189,"column":15},"end":{"line":191,"column":41}},"type":"cond-expr","locations":[{"start":{"line":190,"column":10},"end":{"line":190,"column":40}},{"start":{"line":191,"column":10},"end":{"line":191,"column":41}}],"line":189},"13":{"loc":{"start":{"line":191,"column":10},"end":{"line":191,"column":41}},"type":"binary-expr","locations":[{"start":{"line":191,"column":10},"end":{"line":191,"column":21}},{"start":{"line":191,"column":25},"end":{"line":191,"column":41}}],"line":191},"14":{"loc":{"start":{"line":200,"column":15},"end":{"line":200,"column":39}},"type":"binary-expr","locations":[{"start":{"line":200,"column":15},"end":{"line":200,"column":31}},{"start":{"line":200,"column":35},"end":{"line":200,"column":39}}],"line":200},"15":{"loc":{"start":{"line":206,"column":30},"end":{"line":206,"column":67}},"type":"binary-expr","locations":[{"start":{"line":206,"column":30},"end":{"line":206,"column":50}},{"start":{"line":206,"column":54},"end":{"line":206,"column":67}}],"line":206},"16":{"loc":{"start":{"line":210,"column":0},"end":{"line":212,"column":1}},"type":"if","locations":[{"start":{"line":210,"column":0},"end":{"line":212,"column":1}},{"start":{},"end":{}}],"line":210}},"s":{"0":5,"1":5,"2":5,"3":5,"4":5,"5":5,"6":5,"7":5,"8":5,"9":5,"10":5,"11":5,"12":5,"13":5,"14":179,"15":5,"16":5,"17":5,"18":5,"19":5,"20":5,"21":5,"22":5,"23":5,"24":113,"25":113,"26":0,"27":0,"28":0,"29":0,"30":0,"31":5,"32":0,"33":0,"34":5,"35":5,"36":5,"37":5,"38":5,"39":5,"40":5,"41":5,"42":5,"43":5,"44":5,"45":5,"46":5,"47":5,"48":5,"49":5,"50":5,"51":5,"52":5,"53":1,"54":5,"55":0,"56":5,"57":0,"58":5,"59":0,"60":0,"61":0,"62":0,"63":0,"64":0,"65":0,"66":0,"67":0,"68":0,"69":0,"70":0,"71":0,"72":0,"73":0,"74":5,"75":0,"76":0,"77":0,"78":5},"f":{"0":179,"1":113,"2":0,"3":1,"4":0,"5":0,"6":0,"7":0,"8":0,"9":0},"b":{"0":[5,0],"1":[5,0],"2":[5,0],"3":[5,0],"4":[5,0],"5":[113,0],"6":[0,0],"7":[0,0],"8":[0,0],"9":[0,5],"10":[0,0],"11":[0,0],"12":[0,0],"13":[0,0],"14":[0,0],"15":[0,0],"16":[0,5]},"_coverageSchema":"1a1c01bbd47fc00a2c39e90264f33305004495a9","hash":"25ede6765f599ba8ba206123312597682510cfe8"}
,"C:\\Users\\umity\\Desktop\\ufakisler\\isbul\\server\\src\\config\\cache.js": {"path":"C:\\Users\\umity\\Desktop\\ufakisler\\isbul\\server\\src\\config\\cache.js","statementMap":{"0":{"start":{"line":11,"column":18},"end":{"line":11,"column":43}},"1":{"start":{"line":13,"column":12},"end":{"line":13,"column":16}},"2":{"start":{"line":16,"column":2},"end":{"line":24,"column":3}},"3":{"start":{"line":17,"column":4},"end":{"line":19,"column":5}},"4":{"start":{"line":18,"column":6},"end":{"line":18,"column":18}},"5":{"start":{"line":20,"column":4},"end":{"line":23,"column":7}},"6":{"start":{"line":25,"column":2},"end":{"line":25,"column":15}},"7":{"start":{"line":28,"column":14},"end":{"line":86,"column":1}},"8":{"start":{"line":34,"column":4},"end":{"line":41,"column":5}},"9":{"start":{"line":35,"column":21},"end":{"line":35,"column":31}},"10":{"start":{"line":36,"column":6},"end":{"line":36,"column":31}},"11":{"start":{"line":36,"column":19},"end":{"line":36,"column":31}},"12":{"start":{"line":37,"column":6},"end":{"line":37,"column":35}},"13":{"start":{"line":39,"column":6},"end":{"line":39,"column":55}},"14":{"start":{"line":40,"column":6},"end":{"line":40,"column":18}},"15":{"start":{"line":51,"column":4},"end":{"line":57,"column":5}},"16":{"start":{"line":52,"column":21},"end":{"line":52,"column":31}},"17":{"start":{"line":53,"column":6},"end":{"line":53,"column":26}},"18":{"start":{"line":53,"column":19},"end":{"line":53,"column":26}},"19":{"start":{"line":54,"column":6},"end":{"line":54,"column":55}},"20":{"start":{"line":56,"column":6},"end":{"line":56,"column":55}},"21":{"start":{"line":64,"column":4},"end":{"line":70,"column":5}},"22":{"start":{"line":65,"column":21},"end":{"line":65,"column":31}},"23":{"start":{"line":66,"column":6},"end":{"line":66,"column":26}},"24":{"start":{"line":66,"column":19},"end":{"line":66,"column":26}},"25":{"start":{"line":67,"column":6},"end":{"line":67,"column":28}},"26":{"start":{"line":69,"column":6},"end":{"line":69,"column":55}},"27":{"start":{"line":77,"column":4},"end":{"line":84,"column":5}},"28":{"start":{"line":78,"column":21},"end":{"line":78,"column":31}},"29":{"start":{"line":79,"column":6},"end":{"line":79,"column":26}},"30":{"start":{"line":79,"column":19},"end":{"line":79,"column":26}},"31":{"start":{"line":80,"column":19},"end":{"line":80,"column":45}},"32":{"start":{"line":81,"column":6},"end":{"line":81,"column":53}},"33":{"start":{"line":81,"column":27},"end":{"line":81,"column":53}},"34":{"start":{"line":83,"column":6},"end":{"line":83,"column":62}},"35":{"start":{"line":88,"column":0},"end":{"line":88,"column":23}}},"fnMap":{"0":{"name":"getRedis","decl":{"start":{"line":15,"column":9},"end":{"line":15,"column":17}},"loc":{"start":{"line":15,"column":20},"end":{"line":26,"column":1}},"line":15},"1":{"name":"(anonymous_1)","decl":{"start":{"line":33,"column":2},"end":{"line":33,"column":3}},"loc":{"start":{"line":33,"column":17},"end":{"line":42,"column":3}},"line":33},"2":{"name":"(anonymous_2)","decl":{"start":{"line":50,"column":2},"end":{"line":50,"column":3}},"loc":{"start":{"line":50,"column":41},"end":{"line":58,"column":3}},"line":50},"3":{"name":"(anonymous_3)","decl":{"start":{"line":63,"column":2},"end":{"line":63,"column":3}},"loc":{"start":{"line":63,"column":17},"end":{"line":71,"column":3}},"line":63},"4":{"name":"(anonymous_4)","decl":{"start":{"line":76,"column":2},"end":{"line":76,"column":3}},"loc":{"start":{"line":76,"column":28},"end":{"line":85,"column":3}},"line":76}},"branchMap":{"0":{"loc":{"start":{"line":16,"column":2},"end":{"line":24,"column":3}},"type":"if","locations":[{"start":{"line":16,"column":2},"end":{"line":24,"column":3}},{"start":{},"end":{}}],"line":16},"1":{"loc":{"start":{"line":17,"column":4},"end":{"line":19,"column":5}},"type":"if","locations":[{"start":{"line":17,"column":4},"end":{"line":19,"column":5}},{"start":{},"end":{}}],"line":17},"2":{"loc":{"start":{"line":17,"column":8},"end":{"line":17,"column":84}},"type":"binary-expr","locations":[{"start":{"line":17,"column":8},"end":{"line":17,"column":43}},{"start":{"line":17,"column":47},"end":{"line":17,"column":84}}],"line":17},"3":{"loc":{"start":{"line":36,"column":6},"end":{"line":36,"column":31}},"type":"if","locations":[{"start":{"line":36,"column":6},"end":{"line":36,"column":31}},{"start":{},"end":{}}],"line":36},"4":{"loc":{"start":{"line":50,"column":24},"end":{"line":50,"column":39}},"type":"default-arg","locations":[{"start":{"line":50,"column":37},"end":{"line":50,"column":39}}],"line":50},"5":{"loc":{"start":{"line":53,"column":6},"end":{"line":53,"column":26}},"type":"if","locations":[{"start":{"line":53,"column":6},"end":{"line":53,"column":26}},{"start":{},"end":{}}],"line":53},"6":{"loc":{"start":{"line":66,"column":6},"end":{"line":66,"column":26}},"type":"if","locations":[{"start":{"line":66,"column":6},"end":{"line":66,"column":26}},{"start":{},"end":{}}],"line":66},"7":{"loc":{"start":{"line":79,"column":6},"end":{"line":79,"column":26}},"type":"if","locations":[{"start":{"line":79,"column":6},"end":{"line":79,"column":26}},{"start":{},"end":{}}],"line":79},"8":{"loc":{"start":{"line":81,"column":6},"end":{"line":81,"column":53}},"type":"if","locations":[{"start":{"line":81,"column":6},"end":{"line":81,"column":53}},{"start":{},"end":{}}],"line":81}},"s":{"0":5,"1":5,"2":25,"3":25,"4":25,"5":0,"6":0,"7":5,"8":25,"9":25,"10":25,"11":25,"12":0,"13":0,"14":0,"15":0,"16":0,"17":0,"18":0,"19":0,"20":0,"21":0,"22":0,"23":0,"24":0,"25":0,"26":0,"27":0,"28":0,"29":0,"30":0,"31":0,"32":0,"33":0,"34":0,"35":5},"f":{"0":25,"1":25,"2":0,"3":0,"4":0},"b":{"0":[25,0],"1":[25,0],"2":[25,0],"3":[25,0],"4":[0],"5":[0,0],"6":[0,0],"7":[0,0],"8":[0,0]},"_coverageSchema":"1a1c01bbd47fc00a2c39e90264f33305004495a9","hash":"384776dc6568f894659cffd49e40e9ebcb269f36"}
,"C:\\Users\\umity\\Desktop\\ufakisler\\isbul\\server\\src\\config\\jwt.js": {"path":"C:\\Users\\umity\\Desktop\\ufakisler\\isbul\\server\\src\\config\\jwt.js","statementMap":{"0":{"start":{"line":1,"column":13},"end":{"line":1,"column":36}},"1":{"start":{"line":3,"column":16},"end":{"line":3,"column":38}},"2":{"start":{"line":4,"column":16},"end":{"line":4,"column":50}},"3":{"start":{"line":7,"column":0},"end":{"line":13,"column":1}},"4":{"start":{"line":8,"column":2},"end":{"line":11,"column":3}},"5":{"start":{"line":9,"column":4},"end":{"line":9,"column":89}},"6":{"start":{"line":10,"column":4},"end":{"line":10,"column":20}},"7":{"start":{"line":12,"column":2},"end":{"line":12,"column":84}},"8":{"start":{"line":15,"column":25},"end":{"line":15,"column":78}},"9":{"start":{"line":18,"column":2},"end":{"line":18,"column":69}},"10":{"start":{"line":22,"column":2},"end":{"line":22,"column":45}},"11":{"start":{"line":25,"column":0},"end":{"line":25,"column":44}}},"fnMap":{"0":{"name":"signToken","decl":{"start":{"line":17,"column":9},"end":{"line":17,"column":18}},"loc":{"start":{"line":17,"column":28},"end":{"line":19,"column":1}},"line":17},"1":{"name":"verifyToken","decl":{"start":{"line":21,"column":9},"end":{"line":21,"column":20}},"loc":{"start":{"line":21,"column":28},"end":{"line":23,"column":1}},"line":21}},"branchMap":{"0":{"loc":{"start":{"line":4,"column":16},"end":{"line":4,"column":50}},"type":"binary-expr","locations":[{"start":{"line":4,"column":16},"end":{"line":4,"column":42}},{"start":{"line":4,"column":46},"end":{"line":4,"column":50}}],"line":4},"1":{"loc":{"start":{"line":7,"column":0},"end":{"line":13,"column":1}},"type":"if","locations":[{"start":{"line":7,"column":0},"end":{"line":13,"column":1}},{"start":{},"end":{}}],"line":7},"2":{"loc":{"start":{"line":8,"column":2},"end":{"line":11,"column":3}},"type":"if","locations":[{"start":{"line":8,"column":2},"end":{"line":11,"column":3}},{"start":{},"end":{}}],"line":8},"3":{"loc":{"start":{"line":15,"column":25},"end":{"line":15,"column":78}},"type":"binary-expr","locations":[{"start":{"line":15,"column":25},"end":{"line":15,"column":31}},{"start":{"line":15,"column":35},"end":{"line":15,"column":78}}],"line":15}},"s":{"0":5,"1":5,"2":5,"3":5,"4":0,"5":0,"6":0,"7":0,"8":5,"9":51,"10":25,"11":5},"f":{"0":51,"1":25},"b":{"0":[5,0],"1":[0,5],"2":[0,0],"3":[5,0]},"_coverageSchema":"1a1c01bbd47fc00a2c39e90264f33305004495a9","hash":"426fa58f72c763bcf7fd8dd30f6e92b28609ac90"}
,"C:\\Users\\umity\\Desktop\\ufakisler\\isbul\\server\\src\\config\\logger.js": {"path":"C:\\Users\\umity\\Desktop\\ufakisler\\isbul\\server\\src\\config\\logger.js","statementMap":{"0":{"start":{"line":10,"column":16},"end":{"line":10,"column":34}},"1":{"start":{"line":12,"column":21},"end":{"line":12,"column":58}},"2":{"start":{"line":15,"column":25},"end":{"line":19,"column":1}},"3":{"start":{"line":21,"column":26},"end":{"line":29,"column":1}},"4":{"start":{"line":26,"column":20},"end":{"line":26,"column":72}},"5":{"start":{"line":27,"column":4},"end":{"line":27,"column":59}},"6":{"start":{"line":31,"column":15},"end":{"line":40,"column":2}},"7":{"start":{"line":42,"column":0},"end":{"line":42,"column":24}}},"fnMap":{"0":{"name":"(anonymous_0)","decl":{"start":{"line":25,"column":24},"end":{"line":25,"column":25}},"loc":{"start":{"line":25,"column":68},"end":{"line":28,"column":3}},"line":25}},"branchMap":{"0":{"loc":{"start":{"line":26,"column":20},"end":{"line":26,"column":72}},"type":"cond-expr","locations":[{"start":{"line":26,"column":47},"end":{"line":26,"column":67}},{"start":{"line":26,"column":70},"end":{"line":26,"column":72}}],"line":26},"1":{"loc":{"start":{"line":32,"column":9},"end":{"line":32,"column":40}},"type":"cond-expr","locations":[{"start":{"line":32,"column":24},"end":{"line":32,"column":30}},{"start":{"line":32,"column":33},"end":{"line":32,"column":40}}],"line":32},"2":{"loc":{"start":{"line":33,"column":10},"end":{"line":33,"column":61}},"type":"cond-expr","locations":[{"start":{"line":33,"column":25},"end":{"line":33,"column":41}},{"start":{"line":33,"column":44},"end":{"line":33,"column":61}}],"line":33}},"s":{"0":5,"1":5,"2":5,"3":5,"4":0,"5":0,"6":5,"7":5},"f":{"0":0},"b":{"0":[0,0],"1":[0,5],"2":[0,5]},"_coverageSchema":"1a1c01bbd47fc00a2c39e90264f33305004495a9","hash":"3f499f5d0b00f3820f2463896d58437258bf7693"}
,"C:\\Users\\umity\\Desktop\\ufakisler\\isbul\\server\\src\\config\\passport.js": {"path":"C:\\Users\\umity\\Desktop\\ufakisler\\isbul\\server\\src\\config\\passport.js","statementMap":{"0":{"start":{"line":1,"column":18},"end":{"line":1,"column":37}},"1":{"start":{"line":2,"column":23},"end":{"line":2,"column":66}},"2":{"start":{"line":3,"column":25},"end":{"line":3,"column":41}},"3":{"start":{"line":6,"column":2},"end":{"line":6,"column":60}},"4":{"start":{"line":8,"column":15},"end":{"line":8,"column":76}},"5":{"start":{"line":9,"column":25},"end":{"line":9,"column":82}},"6":{"start":{"line":10,"column":25},"end":{"line":10,"column":91}},"7":{"start":{"line":12,"column":0},"end":{"line":79,"column":3}},"8":{"start":{"line":19,"column":4},"end":{"line":77,"column":5}},"9":{"start":{"line":20,"column":6},"end":{"line":20,"column":56}},"10":{"start":{"line":21,"column":6},"end":{"line":21,"column":45}},"11":{"start":{"line":22,"column":6},"end":{"line":22,"column":64}},"12":{"start":{"line":24,"column":24},"end":{"line":24,"column":34}},"13":{"start":{"line":25,"column":24},"end":{"line":25,"column":65}},"14":{"start":{"line":28,"column":27},"end":{"line":28,"column":74}},"15":{"start":{"line":29,"column":24},"end":{"line":29,"column":100}},"16":{"start":{"line":30,"column":24},"end":{"line":30,"column":93}},"17":{"start":{"line":32,"column":6},"end":{"line":32,"column":66}},"18":{"start":{"line":33,"column":6},"end":{"line":33,"column":70}},"19":{"start":{"line":36,"column":17},"end":{"line":36,"column":81}},"20":{"start":{"line":37,"column":6},"end":{"line":37,"column":54}},"21":{"start":{"line":39,"column":6},"end":{"line":47,"column":7}},"22":{"start":{"line":40,"column":8},"end":{"line":40,"column":54}},"23":{"start":{"line":41,"column":8},"end":{"line":41,"column":73}},"24":{"start":{"line":42,"column":8},"end":{"line":42,"column":52}},"25":{"start":{"line":43,"column":8},"end":{"line":46,"column":9}},"26":{"start":{"line":44,"column":10},"end":{"line":44,"column":60}},"27":{"start":{"line":45,"column":10},"end":{"line":45,"column":88}},"28":{"start":{"line":49,"column":6},"end":{"line":61,"column":7}},"29":{"start":{"line":50,"column":8},"end":{"line":50,"column":91}},"30":{"start":{"line":51,"column":19},"end":{"line":51,"column":26}},"31":{"start":{"line":52,"column":23},"end":{"line":52,"column":55}},"32":{"start":{"line":53,"column":22},"end":{"line":53,"column":35}},"33":{"start":{"line":54,"column":8},"end":{"line":58,"column":10}},"34":{"start":{"line":59,"column":8},"end":{"line":59,"column":53}},"35":{"start":{"line":60,"column":8},"end":{"line":60,"column":67}},"36":{"start":{"line":63,"column":6},"end":{"line":63,"column":59}},"37":{"start":{"line":64,"column":6},"end":{"line":72,"column":9}},"38":{"start":{"line":74,"column":6},"end":{"line":74,"column":50}},"39":{"start":{"line":75,"column":6},"end":{"line":75,"column":47}},"40":{"start":{"line":76,"column":6},"end":{"line":76,"column":29}},"41":{"start":{"line":81,"column":0},"end":{"line":81,"column":26}}},"fnMap":{"0":{"name":"getInitials","decl":{"start":{"line":5,"column":9},"end":{"line":5,"column":20}},"loc":{"start":{"line":5,"column":34},"end":{"line":7,"column":1}},"line":5},"1":{"name":"randomColor","decl":{"start":{"line":9,"column":9},"end":{"line":9,"column":20}},"loc":{"start":{"line":9,"column":23},"end":{"line":9,"column":84}},"line":9},"2":{"name":"genId","decl":{"start":{"line":10,"column":9},"end":{"line":10,"column":14}},"loc":{"start":{"line":10,"column":23},"end":{"line":10,"column":93}},"line":10},"3":{"name":"(anonymous_3)","decl":{"start":{"line":18,"column":2},"end":{"line":18,"column":3}},"loc":{"start":{"line":18,"column":54},"end":{"line":78,"column":3}},"line":18}},"branchMap":{"0":{"loc":{"start":{"line":6,"column":11},"end":{"line":6,"column":25}},"type":"binary-expr","locations":[{"start":{"line":6,"column":11},"end":{"line":6,"column":19}},{"start":{"line":6,"column":23},"end":{"line":6,"column":25}}],"line":6},"1":{"loc":{"start":{"line":6,"column":30},"end":{"line":6,"column":43}},"type":"binary-expr","locations":[{"start":{"line":6,"column":30},"end":{"line":6,"column":37}},{"start":{"line":6,"column":41},"end":{"line":6,"column":43}}],"line":6},"2":{"loc":{"start":{"line":14,"column":18},"end":{"line":14,"column":67}},"type":"binary-expr","locations":[{"start":{"line":14,"column":18},"end":{"line":14,"column":46}},{"start":{"line":14,"column":54},"end":{"line":14,"column":67}}],"line":14},"3":{"loc":{"start":{"line":15,"column":18},"end":{"line":15,"column":67}},"type":"binary-expr","locations":[{"start":{"line":15,"column":18},"end":{"line":15,"column":50}},{"start":{"line":15,"column":54},"end":{"line":15,"column":67}}],"line":15},"4":{"loc":{"start":{"line":16,"column":18},"end":{"line":16,"column":118}},"type":"binary-expr","locations":[{"start":{"line":16,"column":18},"end":{"line":16,"column":49}},{"start":{"line":16,"column":54},"end":{"line":16,"column":118}}],"line":16},"5":{"loc":{"start":{"line":28,"column":28},"end":{"line":28,"column":53}},"type":"binary-expr","locations":[{"start":{"line":28,"column":28},"end":{"line":28,"column":47}},{"start":{"line":28,"column":51},"end":{"line":28,"column":53}}],"line":28},"6":{"loc":{"start":{"line":29,"column":24},"end":{"line":29,"column":100}},"type":"binary-expr","locations":[{"start":{"line":29,"column":24},"end":{"line":29,"column":47}},{"start":{"line":29,"column":51},"end":{"line":29,"column":66}},{"start":{"line":29,"column":70},"end":{"line":29,"column":90}},{"start":{"line":29,"column":94},"end":{"line":29,"column":100}}],"line":29},"7":{"loc":{"start":{"line":30,"column":24},"end":{"line":30,"column":93}},"type":"binary-expr","locations":[{"start":{"line":30,"column":24},"end":{"line":30,"column":48}},{"start":{"line":30,"column":52},"end":{"line":30,"column":83}},{"start":{"line":30,"column":87},"end":{"line":30,"column":93}}],"line":30},"8":{"loc":{"start":{"line":39,"column":6},"end":{"line":47,"column":7}},"type":"if","locations":[{"start":{"line":39,"column":6},"end":{"line":47,"column":7}},{"start":{},"end":{}}],"line":39},"9":{"loc":{"start":{"line":39,"column":10},"end":{"line":39,"column":24}},"type":"binary-expr","locations":[{"start":{"line":39,"column":10},"end":{"line":39,"column":15}},{"start":{"line":39,"column":19},"end":{"line":39,"column":24}}],"line":39},"10":{"loc":{"start":{"line":43,"column":8},"end":{"line":46,"column":9}},"type":"if","locations":[{"start":{"line":43,"column":8},"end":{"line":46,"column":9}},{"start":{},"end":{}}],"line":43},"11":{"loc":{"start":{"line":49,"column":6},"end":{"line":61,"column":7}},"type":"if","locations":[{"start":{"line":49,"column":6},"end":{"line":61,"column":7}},{"start":{},"end":{}}],"line":49}},"s":{"0":5,"1":5,"2":5,"3":0,"4":5,"5":0,"6":0,"7":5,"8":0,"9":0,"10":0,"11":0,"12":0,"13":0,"14":0,"15":0,"16":0,"17":0,"18":0,"19":0,"20":0,"21":0,"22":0,"23":0,"24":0,"25":0,"26":0,"27":0,"28":0,"29":0,"30":0,"31":0,"32":0,"33":0,"34":0,"35":0,"36":0,"37":0,"38":0,"39":0,"40":0,"41":5},"f":{"0":0,"1":0,"2":0,"3":0},"b":{"0":[0,0],"1":[0,0],"2":[5,0],"3":[5,0],"4":[5,0],"5":[0,0],"6":[0,0,0,0],"7":[0,0,0],"8":[0,0],"9":[0,0],"10":[0,0],"11":[0,0]},"_coverageSchema":"1a1c01bbd47fc00a2c39e90264f33305004495a9","hash":"31b24f7b687c772543159e77cb38a603c6fd5e54"}
,"C:\\Users\\umity\\Desktop\\ufakisler\\isbul\\server\\src\\config\\swagger.js": {"path":"C:\\Users\\umity\\Desktop\\ufakisler\\isbul\\server\\src\\config\\swagger.js","statementMap":{"0":{"start":{"line":6,"column":20},"end":{"line":6,"column":49}},"1":{"start":{"line":8,"column":24},"end":{"line":321,"column":1}},"2":{"start":{"line":323,"column":23},"end":{"line":330,"column":1}},"3":{"start":{"line":332,"column":0},"end":{"line":332,"column":64}}},"fnMap":{},"branchMap":{},"s":{"0":5,"1":5,"2":5,"3":5},"f":{},"b":{},"_coverageSchema":"1a1c01bbd47fc00a2c39e90264f33305004495a9","hash":"56bd1329456cc13e40bf405ecc806a36bbb34d50"}
,"C:\\Users\\umity\\Desktop\\ufakisler\\isbul\\server\\src\\db\\database.js": {"path":"C:\\Users\\umity\\Desktop\\ufakisler\\isbul\\server\\src\\db\\database.js","statementMap":{"0":{"start":{"line":6,"column":13},"end":{"line":6,"column":28}},"1":{"start":{"line":7,"column":13},"end":{"line":7,"column":26}},"2":{"start":{"line":8,"column":18},"end":{"line":8,"column":35}},"3":{"start":{"line":10,"column":16},"end":{"line":12,"column":50}},"4":{"start":{"line":14,"column":14},"end":{"line":14,"column":35}},"5":{"start":{"line":15,"column":0},"end":{"line":15,"column":68}},"6":{"start":{"line":15,"column":27},"end":{"line":15,"column":68}},"7":{"start":{"line":17,"column":11},"end":{"line":17,"column":15}},"8":{"start":{"line":18,"column":11},"end":{"line":18,"column":15}},"9":{"start":{"line":25,"column":2},"end":{"line":25,"column":20}},"10":{"start":{"line":25,"column":10},"end":{"line":25,"column":20}},"11":{"start":{"line":26,"column":2},"end":{"line":26,"column":26}},"12":{"start":{"line":28,"column":19},"end":{"line":28,"column":79}},"13":{"start":{"line":30,"column":2},"end":{"line":35,"column":3}},"14":{"start":{"line":31,"column":23},"end":{"line":31,"column":47}},"15":{"start":{"line":32,"column":4},"end":{"line":32,"column":38}},"16":{"start":{"line":34,"column":4},"end":{"line":34,"column":28}},"17":{"start":{"line":37,"column":2},"end":{"line":37,"column":38}},"18":{"start":{"line":38,"column":2},"end":{"line":38,"column":15}},"19":{"start":{"line":39,"column":2},"end":{"line":39,"column":26}},"20":{"start":{"line":39,"column":17},"end":{"line":39,"column":26}},"21":{"start":{"line":40,"column":2},"end":{"line":40,"column":12}},"22":{"start":{"line":44,"column":2},"end":{"line":44,"column":79}},"23":{"start":{"line":44,"column":11},"end":{"line":44,"column":79}},"24":{"start":{"line":45,"column":2},"end":{"line":45,"column":12}},"25":{"start":{"line":50,"column":2},"end":{"line":50,"column":18}},"26":{"start":{"line":50,"column":11},"end":{"line":50,"column":18}},"27":{"start":{"line":51,"column":2},"end":{"line":56,"column":3}},"28":{"start":{"line":52,"column":17},"end":{"line":52,"column":28}},"29":{"start":{"line":53,"column":4},"end":{"line":53,"column":49}},"30":{"start":{"line":55,"column":4},"end":{"line":55,"column":51}},"31":{"start":{"line":62,"column":2},"end":{"line":62,"column":27}},"32":{"start":{"line":62,"column":20},"end":{"line":62,"column":27}},"33":{"start":{"line":63,"column":2},"end":{"line":63,"column":41}},"34":{"start":{"line":64,"column":2},"end":{"line":64,"column":25}},"35":{"start":{"line":68,"column":2},"end":{"line":141,"column":5}},"36":{"start":{"line":148,"column":15},"end":{"line":148,"column":30}},"37":{"start":{"line":149,"column":2},"end":{"line":149,"column":20}},"38":{"start":{"line":150,"column":2},"end":{"line":154,"column":3}},"39":{"start":{"line":151,"column":16},"end":{"line":151,"column":34}},"40":{"start":{"line":152,"column":4},"end":{"line":152,"column":16}},"41":{"start":{"line":153,"column":4},"end":{"line":153,"column":15}},"42":{"start":{"line":155,"column":2},"end":{"line":155,"column":14}},"43":{"start":{"line":156,"column":2},"end":{"line":156,"column":19}},"44":{"start":{"line":161,"column":18},"end":{"line":161,"column":20}},"45":{"start":{"line":162,"column":15},"end":{"line":162,"column":30}},"46":{"start":{"line":163,"column":2},"end":{"line":163,"column":20}},"47":{"start":{"line":164,"column":2},"end":{"line":166,"column":3}},"48":{"start":{"line":165,"column":4},"end":{"line":165,"column":37}},"49":{"start":{"line":167,"column":2},"end":{"line":167,"column":14}},"50":{"start":{"line":168,"column":2},"end":{"line":168,"column":17}},"51":{"start":{"line":173,"column":2},"end":{"line":173,"column":22}},"52":{"start":{"line":174,"column":2},"end":{"line":174,"column":11}},"53":{"start":{"line":179,"column":2},"end":{"line":179,"column":18}},"54":{"start":{"line":179,"column":11},"end":{"line":179,"column":18}},"55":{"start":{"line":180,"column":2},"end":{"line":180,"column":40}},"56":{"start":{"line":181,"column":2},"end":{"line":181,"column":33}},"57":{"start":{"line":182,"column":2},"end":{"line":182,"column":34}},"58":{"start":{"line":183,"column":2},"end":{"line":183,"column":41}},"59":{"start":{"line":184,"column":2},"end":{"line":184,"column":31}},"60":{"start":{"line":189,"column":2},"end":{"line":189,"column":73}},"61":{"start":{"line":189,"column":22},"end":{"line":189,"column":50}},"62":{"start":{"line":189,"column":51},"end":{"line":189,"column":71}},"63":{"start":{"line":190,"column":2},"end":{"line":190,"column":46}},"64":{"start":{"line":190,"column":12},"end":{"line":190,"column":21}},"65":{"start":{"line":190,"column":22},"end":{"line":190,"column":33}},"66":{"start":{"line":190,"column":34},"end":{"line":190,"column":44}},"67":{"start":{"line":193,"column":0},"end":{"line":193,"column":97}}},"fnMap":{"0":{"name":"initDb","decl":{"start":{"line":24,"column":15},"end":{"line":24,"column":21}},"loc":{"start":{"line":24,"column":24},"end":{"line":41,"column":1}},"line":24},"1":{"name":"getDb","decl":{"start":{"line":43,"column":9},"end":{"line":43,"column":14}},"loc":{"start":{"line":43,"column":17},"end":{"line":46,"column":1}},"line":43},"2":{"name":"saveDb","decl":{"start":{"line":49,"column":9},"end":{"line":49,"column":15}},"loc":{"start":{"line":49,"column":18},"end":{"line":57,"column":1}},"line":49},"3":{"name":"startAutoSave","decl":{"start":{"line":61,"column":9},"end":{"line":61,"column":22}},"loc":{"start":{"line":61,"column":34},"end":{"line":65,"column":1}},"line":61},"4":{"name":"initSchema","decl":{"start":{"line":67,"column":9},"end":{"line":67,"column":19}},"loc":{"start":{"line":67,"column":22},"end":{"line":142,"column":1}},"line":67},"5":{"name":"dbGet","decl":{"start":{"line":147,"column":9},"end":{"line":147,"column":14}},"loc":{"start":{"line":147,"column":31},"end":{"line":157,"column":1}},"line":147},"6":{"name":"dbAll","decl":{"start":{"line":160,"column":9},"end":{"line":160,"column":14}},"loc":{"start":{"line":160,"column":31},"end":{"line":169,"column":1}},"line":160},"7":{"name":"dbRun","decl":{"start":{"line":172,"column":9},"end":{"line":172,"column":14}},"loc":{"start":{"line":172,"column":31},"end":{"line":175,"column":1}},"line":172},"8":{"name":"resetDb","decl":{"start":{"line":178,"column":9},"end":{"line":178,"column":16}},"loc":{"start":{"line":178,"column":19},"end":{"line":185,"column":1}},"line":178},"9":{"name":"closeDb","decl":{"start":{"line":188,"column":9},"end":{"line":188,"column":16}},"loc":{"start":{"line":188,"column":19},"end":{"line":191,"column":1}},"line":188}},"branchMap":{"0":{"loc":{"start":{"line":10,"column":16},"end":{"line":12,"column":50}},"type":"cond-expr","locations":[{"start":{"line":11,"column":4},"end":{"line":11,"column":58}},{"start":{"line":12,"column":4},"end":{"line":12,"column":50}}],"line":10},"1":{"loc":{"start":{"line":15,"column":0},"end":{"line":15,"column":68}},"type":"if","locations":[{"start":{"line":15,"column":0},"end":{"line":15,"column":68}},{"start":{},"end":{}}],"line":15},"2":{"loc":{"start":{"line":25,"column":2},"end":{"line":25,"column":20}},"type":"if","locations":[{"start":{"line":25,"column":2},"end":{"line":25,"column":20}},{"start":{},"end":{}}],"line":25},"3":{"loc":{"start":{"line":28,"column":19},"end":{"line":28,"column":79}},"type":"binary-expr","locations":[{"start":{"line":28,"column":19},"end":{"line":28,"column":41}},{"start":{"line":28,"column":45},"end":{"line":28,"column":79}}],"line":28},"4":{"loc":{"start":{"line":30,"column":2},"end":{"line":35,"column":3}},"type":"if","locations":[{"start":{"line":30,"column":2},"end":{"line":35,"column":3}},{"start":{"line":33,"column":9},"end":{"line":35,"column":3}}],"line":30},"5":{"loc":{"start":{"line":30,"column":6},"end":{"line":30,"column":41}},"type":"binary-expr","locations":[{"start":{"line":30,"column":6},"end":{"line":30,"column":15}},{"start":{"line":30,"column":19},"end":{"line":30,"column":41}}],"line":30},"6":{"loc":{"start":{"line":39,"column":2},"end":{"line":39,"column":26}},"type":"if","locations":[{"start":{"line":39,"column":2},"end":{"line":39,"column":26}},{"start":{},"end":{}}],"line":39},"7":{"loc":{"start":{"line":44,"column":2},"end":{"line":44,"column":79}},"type":"if","locations":[{"start":{"line":44,"column":2},"end":{"line":44,"column":79}},{"start":{},"end":{}}],"line":44},"8":{"loc":{"start":{"line":50,"column":2},"end":{"line":50,"column":18}},"type":"if","locations":[{"start":{"line":50,"column":2},"end":{"line":50,"column":18}},{"start":{},"end":{}}],"line":50},"9":{"loc":{"start":{"line":61,"column":23},"end":{"line":61,"column":32}},"type":"default-arg","locations":[{"start":{"line":61,"column":28},"end":{"line":61,"column":32}}],"line":61},"10":{"loc":{"start":{"line":62,"column":2},"end":{"line":62,"column":27}},"type":"if","locations":[{"start":{"line":62,"column":2},"end":{"line":62,"column":27}},{"start":{},"end":{}}],"line":62},"11":{"loc":{"start":{"line":150,"column":2},"end":{"line":154,"column":3}},"type":"if","locations":[{"start":{"line":150,"column":2},"end":{"line":154,"column":3}},{"start":{},"end":{}}],"line":150},"12":{"loc":{"start":{"line":179,"column":2},"end":{"line":179,"column":18}},"type":"if","locations":[{"start":{"line":179,"column":2},"end":{"line":179,"column":18}},{"start":{},"end":{}}],"line":179},"13":{"loc":{"start":{"line":189,"column":2},"end":{"line":189,"column":73}},"type":"if","locations":[{"start":{"line":189,"column":2},"end":{"line":189,"column":73}},{"start":{},"end":{}}],"line":189},"14":{"loc":{"start":{"line":190,"column":2},"end":{"line":190,"column":46}},"type":"if","locations":[{"start":{"line":190,"column":2},"end":{"line":190,"column":46}},{"start":{},"end":{}}],"line":190}},"s":{"0":5,"1":5,"2":5,"3":5,"4":5,"5":5,"6":0,"7":5,"8":5,"9":0,"10":0,"11":0,"12":0,"13":0,"14":0,"15":0,"16":0,"17":0,"18":0,"19":0,"20":0,"21":0,"22":0,"23":0,"24":0,"25":0,"26":0,"27":0,"28":0,"29":0,"30":0,"31":0,"32":0,"33":0,"34":0,"35":0,"36":0,"37":0,"38":0,"39":0,"40":0,"41":0,"42":0,"43":0,"44":0,"45":0,"46":0,"47":0,"48":0,"49":0,"50":0,"51":18,"52":0,"53":57,"54":57,"55":0,"56":0,"57":0,"58":0,"59":0,"60":5,"61":0,"62":0,"63":5,"64":0,"65":0,"66":0,"67":5},"f":{"0":0,"1":0,"2":0,"3":0,"4":0,"5":0,"6":0,"7":18,"8":57,"9":5},"b":{"0":[5,0],"1":[0,5],"2":[0,0],"3":[0,0],"4":[0,0],"5":[0,0],"6":[0,0],"7":[0,0],"8":[0,0],"9":[0],"10":[0,0],"11":[0,0],"12":[57,0],"13":[0,5],"14":[0,5]},"_coverageSchema":"1a1c01bbd47fc00a2c39e90264f33305004495a9","hash":"1f4dc7dff550eca54af5f588ae6edc8232517071"}
,"C:\\Users\\umity\\Desktop\\ufakisler\\isbul\\server\\src\\db\\index.js": {"path":"C:\\Users\\umity\\Desktop\\ufakisler\\isbul\\server\\src\\db\\index.js","statementMap":{"0":{"start":{"line":7,"column":14},"end":{"line":7,"column":51}},"1":{"start":{"line":8,"column":20},"end":{"line":8,"column":46}},"2":{"start":{"line":12,"column":0},"end":{"line":18,"column":1}},"3":{"start":{"line":13,"column":2},"end":{"line":13,"column":52}},"4":{"start":{"line":14,"column":2},"end":{"line":14,"column":29}},"5":{"start":{"line":16,"column":2},"end":{"line":16,"column":51}},"6":{"start":{"line":17,"column":2},"end":{"line":17,"column":29}},"7":{"start":{"line":20,"column":0},"end":{"line":27,"column":2}}},"fnMap":{"0":{"name":"(anonymous_0)","decl":{"start":{"line":26,"column":51},"end":{"line":26,"column":52}},"loc":{"start":{"line":26,"column":57},"end":{"line":26,"column":59}},"line":26}},"branchMap":{"0":{"loc":{"start":{"line":12,"column":0},"end":{"line":18,"column":1}},"type":"if","locations":[{"start":{"line":12,"column":0},"end":{"line":18,"column":1}},{"start":{"line":15,"column":7},"end":{"line":18,"column":1}}],"line":12},"1":{"loc":{"start":{"line":21,"column":10},"end":{"line":21,"column":51}},"type":"cond-expr","locations":[{"start":{"line":21,"column":24},"end":{"line":21,"column":39}},{"start":{"line":21,"column":42},"end":{"line":21,"column":51}}],"line":21},"2":{"loc":{"start":{"line":22,"column":9},"end":{"line":22,"column":42}},"type":"cond-expr","locations":[{"start":{"line":22,"column":23},"end":{"line":22,"column":31}},{"start":{"line":22,"column":34},"end":{"line":22,"column":42}}],"line":22},"3":{"loc":{"start":{"line":23,"column":9},"end":{"line":23,"column":42}},"type":"cond-expr","locations":[{"start":{"line":23,"column":23},"end":{"line":23,"column":31}},{"start":{"line":23,"column":34},"end":{"line":23,"column":42}}],"line":23},"4":{"loc":{"start":{"line":24,"column":9},"end":{"line":24,"column":42}},"type":"cond-expr","locations":[{"start":{"line":24,"column":23},"end":{"line":24,"column":31}},{"start":{"line":24,"column":34},"end":{"line":24,"column":42}}],"line":24},"5":{"loc":{"start":{"line":25,"column":11},"end":{"line":25,"column":54}},"type":"cond-expr","locations":[{"start":{"line":25,"column":25},"end":{"line":25,"column":41}},{"start":{"line":25,"column":44},"end":{"line":25,"column":54}}],"line":25},"6":{"loc":{"start":{"line":26,"column":17},"end":{"line":26,"column":59}},"type":"cond-expr","locations":[{"start":{"line":26,"column":32},"end":{"line":26,"column":48}},{"start":{"line":26,"column":51},"end":{"line":26,"column":59}}],"line":26}},"s":{"0":5,"1":5,"2":5,"3":5,"4":5,"5":0,"6":0,"7":5},"f":{"0":0},"b":{"0":[5,0],"1":[5,0],"2":[5,0],"3":[5,0],"4":[5,0],"5":[5,0],"6":[0,5]},"_coverageSchema":"1a1c01bbd47fc00a2c39e90264f33305004495a9","hash":"63fce1c3649f56921a4a3149c5eccb7cc133e961"}
,"C:\\Users\\umity\\Desktop\\ufakisler\\isbul\\server\\src\\db\\postgres.js": {"path":"C:\\Users\\umity\\Desktop\\ufakisler\\isbul\\server\\src\\db\\postgres.js","statementMap":{"0":{"start":{"line":5,"column":17},"end":{"line":5,"column":30}},"1":{"start":{"line":7,"column":11},"end":{"line":7,"column":15}},"2":{"start":{"line":11,"column":2},"end":{"line":11,"column":19}},"3":{"start":{"line":11,"column":12},"end":{"line":11,"column":19}},"4":{"start":{"line":13,"column":23},"end":{"line":13,"column":60}},"5":{"start":{"line":14,"column":27},"end":{"line":14,"column":51}},"6":{"start":{"line":16,"column":2},"end":{"line":18,"column":3}},"7":{"start":{"line":17,"column":4},"end":{"line":17,"column":62}},"8":{"start":{"line":21,"column":2},"end":{"line":24,"column":3}},"9":{"start":{"line":22,"column":4},"end":{"line":22,"column":78}},"10":{"start":{"line":23,"column":4},"end":{"line":23,"column":42}},"11":{"start":{"line":26,"column":2},"end":{"line":32,"column":5}},"12":{"start":{"line":35,"column":2},"end":{"line":42,"column":3}},"13":{"start":{"line":36,"column":19},"end":{"line":36,"column":39}},"14":{"start":{"line":37,"column":4},"end":{"line":37,"column":90}},"15":{"start":{"line":38,"column":4},"end":{"line":38,"column":21}},"16":{"start":{"line":40,"column":4},"end":{"line":40,"column":66}},"17":{"start":{"line":41,"column":4},"end":{"line":41,"column":14}},"18":{"start":{"line":45,"column":2},"end":{"line":45,"column":23}},"19":{"start":{"line":46,"column":2},"end":{"line":46,"column":43}},"20":{"start":{"line":51,"column":17},"end":{"line":51,"column":37}},"21":{"start":{"line":52,"column":2},"end":{"line":163,"column":3}},"22":{"start":{"line":53,"column":4},"end":{"line":53,"column":32}},"23":{"start":{"line":56,"column":4},"end":{"line":72,"column":7}},"24":{"start":{"line":75,"column":4},"end":{"line":88,"column":7}},"25":{"start":{"line":91,"column":4},"end":{"line":109,"column":7}},"26":{"start":{"line":112,"column":4},"end":{"line":121,"column":7}},"27":{"start":{"line":124,"column":4},"end":{"line":134,"column":7}},"28":{"start":{"line":137,"column":4},"end":{"line":146,"column":7}},"29":{"start":{"line":149,"column":4},"end":{"line":149,"column":85}},"30":{"start":{"line":150,"column":4},"end":{"line":150,"column":83}},"31":{"start":{"line":151,"column":4},"end":{"line":151,"column":100}},"32":{"start":{"line":152,"column":4},"end":{"line":152,"column":96}},"33":{"start":{"line":153,"column":4},"end":{"line":153,"column":93}},"34":{"start":{"line":154,"column":4},"end":{"line":154,"column":102}},"35":{"start":{"line":155,"column":4},"end":{"line":155,"column":94}},"36":{"start":{"line":157,"column":4},"end":{"line":157,"column":33}},"37":{"start":{"line":159,"column":4},"end":{"line":159,"column":35}},"38":{"start":{"line":160,"column":4},"end":{"line":160,"column":14}},"39":{"start":{"line":162,"column":4},"end":{"line":162,"column":21}},"40":{"start":{"line":168,"column":10},"end":{"line":168,"column":11}},"41":{"start":{"line":169,"column":2},"end":{"line":169,"column":45}},"42":{"start":{"line":169,"column":34},"end":{"line":169,"column":43}},"43":{"start":{"line":174,"column":2},"end":{"line":174,"column":57}},"44":{"start":{"line":174,"column":13},"end":{"line":174,"column":57}},"45":{"start":{"line":175,"column":23},"end":{"line":175,"column":47}},"46":{"start":{"line":176,"column":17},"end":{"line":176,"column":55}},"47":{"start":{"line":177,"column":2},"end":{"line":177,"column":21}},"48":{"start":{"line":182,"column":15},"end":{"line":182,"column":39}},"49":{"start":{"line":183,"column":2},"end":{"line":183,"column":25}},"50":{"start":{"line":188,"column":2},"end":{"line":188,"column":34}},"51":{"start":{"line":193,"column":23},"end":{"line":193,"column":47}},"52":{"start":{"line":194,"column":17},"end":{"line":194,"column":55}},"53":{"start":{"line":195,"column":2},"end":{"line":195,"column":25}},"54":{"start":{"line":200,"column":2},"end":{"line":204,"column":3}},"55":{"start":{"line":201,"column":4},"end":{"line":201,"column":21}},"56":{"start":{"line":202,"column":4},"end":{"line":202,"column":16}},"57":{"start":{"line":203,"column":4},"end":{"line":203,"column":48}},"58":{"start":{"line":207,"column":0},"end":{"line":214,"column":2}},"59":{"start":{"line":213,"column":14},"end":{"line":213,"column":18}}},"fnMap":{"0":{"name":"initPostgres","decl":{"start":{"line":10,"column":15},"end":{"line":10,"column":27}},"loc":{"start":{"line":10,"column":30},"end":{"line":47,"column":1}},"line":10},"1":{"name":"createTables","decl":{"start":{"line":50,"column":15},"end":{"line":50,"column":27}},"loc":{"start":{"line":50,"column":30},"end":{"line":164,"column":1}},"line":50},"2":{"name":"convertPlaceholders","decl":{"start":{"line":167,"column":9},"end":{"line":167,"column":28}},"loc":{"start":{"line":167,"column":34},"end":{"line":170,"column":1}},"line":167},"3":{"name":"(anonymous_3)","decl":{"start":{"line":169,"column":28},"end":{"line":169,"column":29}},"loc":{"start":{"line":169,"column":34},"end":{"line":169,"column":43}},"line":169},"4":{"name":"query","decl":{"start":{"line":173,"column":15},"end":{"line":173,"column":20}},"loc":{"start":{"line":173,"column":39},"end":{"line":178,"column":1}},"line":173},"5":{"name":"pgGet","decl":{"start":{"line":181,"column":15},"end":{"line":181,"column":20}},"loc":{"start":{"line":181,"column":37},"end":{"line":184,"column":1}},"line":181},"6":{"name":"pgAll","decl":{"start":{"line":187,"column":15},"end":{"line":187,"column":20}},"loc":{"start":{"line":187,"column":37},"end":{"line":189,"column":1}},"line":187},"7":{"name":"pgRun","decl":{"start":{"line":192,"column":15},"end":{"line":192,"column":20}},"loc":{"start":{"line":192,"column":37},"end":{"line":196,"column":1}},"line":192},"8":{"name":"closePostgres","decl":{"start":{"line":199,"column":15},"end":{"line":199,"column":28}},"loc":{"start":{"line":199,"column":31},"end":{"line":205,"column":1}},"line":199},"9":{"name":"(anonymous_9)","decl":{"start":{"line":213,"column":8},"end":{"line":213,"column":9}},"loc":{"start":{"line":213,"column":14},"end":{"line":213,"column":18}},"line":213}},"branchMap":{"0":{"loc":{"start":{"line":11,"column":2},"end":{"line":11,"column":19}},"type":"if","locations":[{"start":{"line":11,"column":2},"end":{"line":11,"column":19}},{"start":{},"end":{}}],"line":11},"1":{"loc":{"start":{"line":16,"column":2},"end":{"line":18,"column":3}},"type":"if","locations":[{"start":{"line":16,"column":2},"end":{"line":18,"column":3}},{"start":{},"end":{}}],"line":16},"2":{"loc":{"start":{"line":16,"column":6},"end":{"line":16,"column":39}},"type":"binary-expr","locations":[{"start":{"line":16,"column":6},"end":{"line":16,"column":23}},{"start":{"line":16,"column":27},"end":{"line":16,"column":39}}],"line":16},"3":{"loc":{"start":{"line":21,"column":2},"end":{"line":24,"column":3}},"type":"if","locations":[{"start":{"line":21,"column":2},"end":{"line":24,"column":3}},{"start":{},"end":{}}],"line":21},"4":{"loc":{"start":{"line":28,"column":9},"end":{"line":28,"column":61}},"type":"cond-expr","locations":[{"start":{"line":28,"column":24},"end":{"line":28,"column":53}},{"start":{"line":28,"column":56},"end":{"line":28,"column":61}}],"line":28},"5":{"loc":{"start":{"line":173,"column":26},"end":{"line":173,"column":37}},"type":"default-arg","locations":[{"start":{"line":173,"column":35},"end":{"line":173,"column":37}}],"line":173},"6":{"loc":{"start":{"line":174,"column":2},"end":{"line":174,"column":57}},"type":"if","locations":[{"start":{"line":174,"column":2},"end":{"line":174,"column":57}},{"start":{},"end":{}}],"line":174},"7":{"loc":{"start":{"line":183,"column":9},"end":{"line":183,"column":24}},"type":"binary-expr","locations":[{"start":{"line":183,"column":9},"end":{"line":183,"column":16}},{"start":{"line":183,"column":20},"end":{"line":183,"column":24}}],"line":183},"8":{"loc":{"start":{"line":200,"column":2},"end":{"line":204,"column":3}},"type":"if","locations":[{"start":{"line":200,"column":2},"end":{"line":204,"column":3}},{"start":{},"end":{}}],"line":200}},"s":{"0":5,"1":5,"2":5,"3":0,"4":5,"5":5,"6":5,"7":0,"8":5,"9":0,"10":0,"11":5,"12":5,"13":5,"14":5,"15":5,"16":0,"17":0,"18":5,"19":5,"20":5,"21":5,"22":5,"23":5,"24":5,"25":5,"26":5,"27":5,"28":5,"29":5,"30":5,"31":5,"32":5,"33":5,"34":5,"35":5,"36":5,"37":0,"38":0,"39":5,"40":159,"41":159,"42":395,"43":117,"44":0,"45":117,"46":117,"47":117,"48":106,"49":106,"50":11,"51":42,"52":42,"53":42,"54":0,"55":0,"56":0,"57":0,"58":5,"59":0},"f":{"0":5,"1":5,"2":159,"3":395,"4":117,"5":106,"6":11,"7":42,"8":0,"9":0},"b":{"0":[0,5],"1":[0,5],"2":[5,0],"3":[0,5],"4":[0,5],"5":[0],"6":[0,117],"7":[106,40],"8":[0,0]},"_coverageSchema":"1a1c01bbd47fc00a2c39e90264f33305004495a9","hash":"993f74e0078f2ec8301d86a1e6904bf7910fcfe5"}
,"C:\\Users\\umity\\Desktop\\ufakisler\\isbul\\server\\src\\middleware\\auth.js": {"path":"C:\\Users\\umity\\Desktop\\ufakisler\\isbul\\server\\src\\middleware\\auth.js","statementMap":{"0":{"start":{"line":1,"column":25},"end":{"line":1,"column":49}},"1":{"start":{"line":2,"column":14},"end":{"line":2,"column":40}},"2":{"start":{"line":9,"column":17},"end":{"line":9,"column":54}},"3":{"start":{"line":10,"column":2},"end":{"line":10,"column":18}},"4":{"start":{"line":19,"column":2},"end":{"line":27,"column":3}},"5":{"start":{"line":20,"column":20},"end":{"line":20,"column":38}},"6":{"start":{"line":21,"column":16},"end":{"line":21,"column":45}},"7":{"start":{"line":22,"column":16},"end":{"line":22,"column":53}},"8":{"start":{"line":23,"column":4},"end":{"line":23,"column":52}},"9":{"start":{"line":26,"column":4},"end":{"line":26,"column":65}},"10":{"start":{"line":35,"column":21},"end":{"line":35,"column":46}},"11":{"start":{"line":36,"column":2},"end":{"line":38,"column":3}},"12":{"start":{"line":37,"column":4},"end":{"line":37,"column":88}},"13":{"start":{"line":39,"column":16},"end":{"line":39,"column":35}},"14":{"start":{"line":40,"column":2},"end":{"line":50,"column":3}},"15":{"start":{"line":42,"column":4},"end":{"line":44,"column":5}},"16":{"start":{"line":43,"column":6},"end":{"line":43,"column":114}},"17":{"start":{"line":45,"column":4},"end":{"line":45,"column":34}},"18":{"start":{"line":46,"column":4},"end":{"line":46,"column":22}},"19":{"start":{"line":47,"column":4},"end":{"line":47,"column":11}},"20":{"start":{"line":49,"column":4},"end":{"line":49,"column":98}},"21":{"start":{"line":57,"column":21},"end":{"line":57,"column":46}},"22":{"start":{"line":58,"column":2},"end":{"line":61,"column":3}},"23":{"start":{"line":59,"column":4},"end":{"line":59,"column":20}},"24":{"start":{"line":60,"column":4},"end":{"line":60,"column":18}},"25":{"start":{"line":62,"column":16},"end":{"line":62,"column":35}},"26":{"start":{"line":63,"column":2},"end":{"line":72,"column":3}},"27":{"start":{"line":64,"column":4},"end":{"line":67,"column":5}},"28":{"start":{"line":65,"column":6},"end":{"line":65,"column":22}},"29":{"start":{"line":66,"column":6},"end":{"line":66,"column":20}},"30":{"start":{"line":68,"column":4},"end":{"line":68,"column":34}},"31":{"start":{"line":69,"column":4},"end":{"line":69,"column":22}},"32":{"start":{"line":71,"column":4},"end":{"line":71,"column":20}},"33":{"start":{"line":73,"column":2},"end":{"line":73,"column":9}},"34":{"start":{"line":80,"column":2},"end":{"line":88,"column":4}},"35":{"start":{"line":81,"column":4},"end":{"line":83,"column":5}},"36":{"start":{"line":82,"column":6},"end":{"line":82,"column":90}},"37":{"start":{"line":84,"column":4},"end":{"line":86,"column":5}},"38":{"start":{"line":85,"column":6},"end":{"line":85,"column":92}},"39":{"start":{"line":87,"column":4},"end":{"line":87,"column":11}},"40":{"start":{"line":91,"column":0},"end":{"line":91,"column":77}}},"fnMap":{"0":{"name":"isBlacklisted","decl":{"start":{"line":8,"column":15},"end":{"line":8,"column":28}},"loc":{"start":{"line":8,"column":36},"end":{"line":11,"column":1}},"line":8},"1":{"name":"blacklistToken","decl":{"start":{"line":17,"column":15},"end":{"line":17,"column":29}},"loc":{"start":{"line":17,"column":37},"end":{"line":28,"column":1}},"line":17},"2":{"name":"authenticate","decl":{"start":{"line":34,"column":15},"end":{"line":34,"column":27}},"loc":{"start":{"line":34,"column":44},"end":{"line":51,"column":1}},"line":34},"3":{"name":"optionalAuth","decl":{"start":{"line":56,"column":15},"end":{"line":56,"column":27}},"loc":{"start":{"line":56,"column":44},"end":{"line":74,"column":1}},"line":56},"4":{"name":"requireRole","decl":{"start":{"line":79,"column":9},"end":{"line":79,"column":20}},"loc":{"start":{"line":79,"column":31},"end":{"line":89,"column":1}},"line":79},"5":{"name":"(anonymous_5)","decl":{"start":{"line":80,"column":9},"end":{"line":80,"column":10}},"loc":{"start":{"line":80,"column":29},"end":{"line":88,"column":3}},"line":80}},"branchMap":{"0":{"loc":{"start":{"line":22,"column":26},"end":{"line":22,"column":42}},"type":"binary-expr","locations":[{"start":{"line":22,"column":26},"end":{"line":22,"column":37}},{"start":{"line":22,"column":41},"end":{"line":22,"column":42}}],"line":22},"1":{"loc":{"start":{"line":36,"column":2},"end":{"line":38,"column":3}},"type":"if","locations":[{"start":{"line":36,"column":2},"end":{"line":38,"column":3}},{"start":{},"end":{}}],"line":36},"2":{"loc":{"start":{"line":36,"column":6},"end":{"line":36,"column":54}},"type":"binary-expr","locations":[{"start":{"line":36,"column":6},"end":{"line":36,"column":17}},{"start":{"line":36,"column":21},"end":{"line":36,"column":54}}],"line":36},"3":{"loc":{"start":{"line":42,"column":4},"end":{"line":44,"column":5}},"type":"if","locations":[{"start":{"line":42,"column":4},"end":{"line":44,"column":5}},{"start":{},"end":{}}],"line":42},"4":{"loc":{"start":{"line":58,"column":2},"end":{"line":61,"column":3}},"type":"if","locations":[{"start":{"line":58,"column":2},"end":{"line":61,"column":3}},{"start":{},"end":{}}],"line":58},"5":{"loc":{"start":{"line":58,"column":6},"end":{"line":58,"column":54}},"type":"binary-expr","locations":[{"start":{"line":58,"column":6},"end":{"line":58,"column":17}},{"start":{"line":58,"column":21},"end":{"line":58,"column":54}}],"line":58},"6":{"loc":{"start":{"line":64,"column":4},"end":{"line":67,"column":5}},"type":"if","locations":[{"start":{"line":64,"column":4},"end":{"line":67,"column":5}},{"start":{},"end":{}}],"line":64},"7":{"loc":{"start":{"line":81,"column":4},"end":{"line":83,"column":5}},"type":"if","locations":[{"start":{"line":81,"column":4},"end":{"line":83,"column":5}},{"start":{},"end":{}}],"line":81},"8":{"loc":{"start":{"line":84,"column":4},"end":{"line":86,"column":5}},"type":"if","locations":[{"start":{"line":84,"column":4},"end":{"line":86,"column":5}},{"start":{},"end":{}}],"line":84}},"s":{"0":5,"1":5,"2":25,"3":25,"4":0,"5":0,"6":0,"7":0,"8":0,"9":0,"10":29,"11":29,"12":4,"13":25,"14":25,"15":25,"16":0,"17":25,"18":24,"19":24,"20":1,"21":0,"22":0,"23":0,"24":0,"25":0,"26":0,"27":0,"28":0,"29":0,"30":0,"31":0,"32":0,"33":0,"34":10,"35":22,"36":0,"37":22,"38":1,"39":21,"40":5},"f":{"0":25,"1":0,"2":29,"3":0,"4":10,"5":22},"b":{"0":[0,0],"1":[4,25],"2":[29,25],"3":[0,25],"4":[0,0],"5":[0,0],"6":[0,0],"7":[0,22],"8":[1,21]},"_coverageSchema":"1a1c01bbd47fc00a2c39e90264f33305004495a9","hash":"cbc8b7fe25ed9e36ce91e1bfeca7a5cfd91596a6"}
,"C:\\Users\\umity\\Desktop\\ufakisler\\isbul\\server\\src\\middleware\\rateLimiter.js": {"path":"C:\\Users\\umity\\Desktop\\ufakisler\\isbul\\server\\src\\middleware\\rateLimiter.js","statementMap":{"0":{"start":{"line":1,"column":19},"end":{"line":1,"column":48}},"1":{"start":{"line":9,"column":23},"end":{"line":22,"column":2}},"2":{"start":{"line":25,"column":20},"end":{"line":38,"column":2}},"3":{"start":{"line":41,"column":22},"end":{"line":54,"column":2}},"4":{"start":{"line":56,"column":0},"end":{"line":56,"column":64}}},"fnMap":{},"branchMap":{},"s":{"0":5,"1":5,"2":5,"3":5,"4":5},"f":{},"b":{},"_coverageSchema":"1a1c01bbd47fc00a2c39e90264f33305004495a9","hash":"663f84338b06094da98497dafdc7f8e2fa6d0f95"}
,"C:\\Users\\umity\\Desktop\\ufakisler\\isbul\\server\\src\\middleware\\response.js": {"path":"C:\\Users\\umity\\Desktop\\ufakisler\\isbul\\server\\src\\middleware\\response.js","statementMap":{"0":{"start":{"line":12,"column":2},"end":{"line":19,"column":4}},"1":{"start":{"line":13,"column":4},"end":{"line":18,"column":7}},"2":{"start":{"line":22,"column":2},"end":{"line":24,"column":4}},"3":{"start":{"line":23,"column":4},"end":{"line":23,"column":33}},"4":{"start":{"line":27,"column":2},"end":{"line":36,"column":4}},"5":{"start":{"line":28,"column":4},"end":{"line":35,"column":7}},"6":{"start":{"line":38,"column":2},"end":{"line":38,"column":9}},"7":{"start":{"line":41,"column":0},"end":{"line":41,"column":36}}},"fnMap":{"0":{"name":"responseMiddleware","decl":{"start":{"line":10,"column":9},"end":{"line":10,"column":27}},"loc":{"start":{"line":10,"column":44},"end":{"line":39,"column":1}},"line":10},"1":{"name":"(anonymous_1)","decl":{"start":{"line":12,"column":11},"end":{"line":12,"column":12}},"loc":{"start":{"line":12,"column":51},"end":{"line":19,"column":3}},"line":12},"2":{"name":"(anonymous_2)","decl":{"start":{"line":22,"column":16},"end":{"line":22,"column":17}},"loc":{"start":{"line":22,"column":31},"end":{"line":24,"column":3}},"line":22},"3":{"name":"(anonymous_3)","decl":{"start":{"line":27,"column":13},"end":{"line":27,"column":14}},"loc":{"start":{"line":27,"column":53},"end":{"line":36,"column":3}},"line":27}},"branchMap":{"0":{"loc":{"start":{"line":12,"column":12},"end":{"line":12,"column":21}},"type":"default-arg","locations":[{"start":{"line":12,"column":19},"end":{"line":12,"column":21}}],"line":12},"1":{"loc":{"start":{"line":12,"column":23},"end":{"line":12,"column":32}},"type":"default-arg","locations":[{"start":{"line":12,"column":30},"end":{"line":12,"column":32}}],"line":12},"2":{"loc":{"start":{"line":12,"column":34},"end":{"line":12,"column":46}},"type":"default-arg","locations":[{"start":{"line":12,"column":43},"end":{"line":12,"column":46}}],"line":12},"3":{"loc":{"start":{"line":16,"column":10},"end":{"line":16,"column":50}},"type":"cond-expr","locations":[{"start":{"line":16,"column":37},"end":{"line":16,"column":45}},{"start":{"line":16,"column":48},"end":{"line":16,"column":50}}],"line":16},"4":{"loc":{"start":{"line":22,"column":17},"end":{"line":22,"column":26}},"type":"default-arg","locations":[{"start":{"line":22,"column":24},"end":{"line":22,"column":26}}],"line":22},"5":{"loc":{"start":{"line":27,"column":23},"end":{"line":27,"column":35}},"type":"default-arg","locations":[{"start":{"line":27,"column":32},"end":{"line":27,"column":35}}],"line":27},"6":{"loc":{"start":{"line":27,"column":37},"end":{"line":27,"column":48}},"type":"default-arg","locations":[{"start":{"line":27,"column":44},"end":{"line":27,"column":48}}],"line":27},"7":{"loc":{"start":{"line":31,"column":17},"end":{"line":31,"column":41}},"type":"binary-expr","locations":[{"start":{"line":31,"column":17},"end":{"line":31,"column":21}},{"start":{"line":31,"column":25},"end":{"line":31,"column":41}}],"line":31},"8":{"loc":{"start":{"line":32,"column":17},"end":{"line":32,"column":46}},"type":"binary-expr","locations":[{"start":{"line":32,"column":17},"end":{"line":32,"column":24}},{"start":{"line":32,"column":28},"end":{"line":32,"column":46}}],"line":32}},"s":{"0":113,"1":0,"2":113,"3":0,"4":113,"5":0,"6":113,"7":5},"f":{"0":113,"1":0,"2":0,"3":0},"b":{"0":[0],"1":[0],"2":[0],"3":[0,0],"4":[0],"5":[0],"6":[0],"7":[0,0],"8":[0,0]},"_coverageSchema":"1a1c01bbd47fc00a2c39e90264f33305004495a9","hash":"bf649cd5eeefc110a071431a38410aeaae680058"}
,"C:\\Users\\umity\\Desktop\\ufakisler\\isbul\\server\\src\\modules\\admin\\admin.controller.js": {"path":"C:\\Users\\umity\\Desktop\\ufakisler\\isbul\\server\\src\\modules\\admin\\admin.controller.js","statementMap":{"0":{"start":{"line":1,"column":16},"end":{"line":1,"column":35}},"1":{"start":{"line":2,"column":32},"end":{"line":2,"column":51}},"2":{"start":{"line":6,"column":2},"end":{"line":28,"column":3}},"3":{"start":{"line":7,"column":28},"end":{"line":7,"column":84}},"4":{"start":{"line":8,"column":28},"end":{"line":8,"column":117}},"5":{"start":{"line":9,"column":28},"end":{"line":9,"column":108}},"6":{"start":{"line":10,"column":28},"end":{"line":10,"column":114}},"7":{"start":{"line":11,"column":28},"end":{"line":11,"column":87}},"8":{"start":{"line":12,"column":28},"end":{"line":12,"column":112}},"9":{"start":{"line":13,"column":28},"end":{"line":13,"column":114}},"10":{"start":{"line":14,"column":28},"end":{"line":14,"column":114}},"11":{"start":{"line":15,"column":28},"end":{"line":15,"column":122}},"12":{"start":{"line":17,"column":4},"end":{"line":24,"column":7}},"13":{"start":{"line":26,"column":4},"end":{"line":26,"column":40}},"14":{"start":{"line":27,"column":4},"end":{"line":27,"column":77}},"15":{"start":{"line":33,"column":2},"end":{"line":65,"column":3}},"16":{"start":{"line":34,"column":51},"end":{"line":34,"column":60}},"17":{"start":{"line":35,"column":19},"end":{"line":35,"column":57}},"18":{"start":{"line":37,"column":14},"end":{"line":37,"column":146}},"19":{"start":{"line":38,"column":19},"end":{"line":38,"column":21}},"20":{"start":{"line":40,"column":4},"end":{"line":40,"column":65}},"21":{"start":{"line":40,"column":18},"end":{"line":40,"column":43}},"22":{"start":{"line":40,"column":45},"end":{"line":40,"column":63}},"23":{"start":{"line":41,"column":4},"end":{"line":45,"column":5}},"24":{"start":{"line":42,"column":6},"end":{"line":42,"column":85}},"25":{"start":{"line":43,"column":16},"end":{"line":43,"column":29}},"26":{"start":{"line":44,"column":6},"end":{"line":44,"column":27}},"27":{"start":{"line":47,"column":21},"end":{"line":47,"column":88}},"28":{"start":{"line":48,"column":18},"end":{"line":48,"column":44}},"29":{"start":{"line":50,"column":4},"end":{"line":50,"column":58}},"30":{"start":{"line":51,"column":4},"end":{"line":51,"column":41}},"31":{"start":{"line":53,"column":18},"end":{"line":53,"column":45}},"32":{"start":{"line":55,"column":4},"end":{"line":61,"column":7}},"33":{"start":{"line":63,"column":4},"end":{"line":63,"column":40}},"34":{"start":{"line":64,"column":4},"end":{"line":64,"column":77}},"35":{"start":{"line":70,"column":2},"end":{"line":82,"column":3}},"36":{"start":{"line":71,"column":17},"end":{"line":74,"column":5}},"37":{"start":{"line":75,"column":4},"end":{"line":75,"column":95}},"38":{"start":{"line":75,"column":15},"end":{"line":75,"column":95}},"39":{"start":{"line":77,"column":21},"end":{"line":77,"column":123}},"40":{"start":{"line":78,"column":4},"end":{"line":78,"column":114}},"41":{"start":{"line":80,"column":4},"end":{"line":80,"column":42}},"42":{"start":{"line":81,"column":4},"end":{"line":81,"column":77}},"43":{"start":{"line":87,"column":2},"end":{"line":109,"column":3}},"44":{"start":{"line":88,"column":21},"end":{"line":88,"column":29}},"45":{"start":{"line":89,"column":4},"end":{"line":90,"column":78}},"46":{"start":{"line":90,"column":6},"end":{"line":90,"column":78}},"47":{"start":{"line":91,"column":4},"end":{"line":92,"column":98}},"48":{"start":{"line":92,"column":6},"end":{"line":92,"column":98}},"49":{"start":{"line":94,"column":17},"end":{"line":94,"column":79}},"50":{"start":{"line":95,"column":4},"end":{"line":95,"column":95}},"51":{"start":{"line":95,"column":15},"end":{"line":95,"column":95}},"52":{"start":{"line":97,"column":4},"end":{"line":97,"column":111}},"53":{"start":{"line":99,"column":4},"end":{"line":102,"column":5}},"54":{"start":{"line":100,"column":17},"end":{"line":100,"column":100}},"55":{"start":{"line":101,"column":6},"end":{"line":101,"column":94}},"56":{"start":{"line":101,"column":15},"end":{"line":101,"column":94}},"57":{"start":{"line":104,"column":20},"end":{"line":104,"column":82}},"58":{"start":{"line":105,"column":4},"end":{"line":105,"column":112}},"59":{"start":{"line":107,"column":4},"end":{"line":107,"column":42}},"60":{"start":{"line":108,"column":4},"end":{"line":108,"column":77}},"61":{"start":{"line":114,"column":2},"end":{"line":128,"column":3}},"62":{"start":{"line":115,"column":4},"end":{"line":116,"column":108}},"63":{"start":{"line":116,"column":6},"end":{"line":116,"column":108}},"64":{"start":{"line":118,"column":17},"end":{"line":118,"column":79}},"65":{"start":{"line":119,"column":4},"end":{"line":119,"column":95}},"66":{"start":{"line":119,"column":15},"end":{"line":119,"column":95}},"67":{"start":{"line":121,"column":22},"end":{"line":121,"column":37}},"68":{"start":{"line":122,"column":4},"end":{"line":122,"column":121}},"69":{"start":{"line":124,"column":4},"end":{"line":124,"column":136}},"70":{"start":{"line":126,"column":4},"end":{"line":126,"column":47}},"71":{"start":{"line":127,"column":4},"end":{"line":127,"column":77}},"72":{"start":{"line":133,"column":2},"end":{"line":145,"column":3}},"73":{"start":{"line":134,"column":4},"end":{"line":135,"column":95}},"74":{"start":{"line":135,"column":6},"end":{"line":135,"column":95}},"75":{"start":{"line":137,"column":17},"end":{"line":137,"column":80}},"76":{"start":{"line":138,"column":4},"end":{"line":138,"column":95}},"77":{"start":{"line":138,"column":15},"end":{"line":138,"column":95}},"78":{"start":{"line":140,"column":4},"end":{"line":140,"column":65}},"79":{"start":{"line":141,"column":4},"end":{"line":141,"column":70}},"80":{"start":{"line":143,"column":4},"end":{"line":143,"column":45}},"81":{"start":{"line":144,"column":4},"end":{"line":144,"column":77}},"82":{"start":{"line":150,"column":2},"end":{"line":183,"column":3}},"83":{"start":{"line":151,"column":45},"end":{"line":151,"column":54}},"84":{"start":{"line":152,"column":19},"end":{"line":152,"column":57}},"85":{"start":{"line":154,"column":14},"end":{"line":154,"column":125}},"86":{"start":{"line":155,"column":19},"end":{"line":155,"column":21}},"87":{"start":{"line":157,"column":4},"end":{"line":157,"column":68}},"88":{"start":{"line":157,"column":18},"end":{"line":157,"column":45}},"89":{"start":{"line":157,"column":46},"end":{"line":157,"column":66}},"90":{"start":{"line":159,"column":21},"end":{"line":159,"column":88}},"91":{"start":{"line":160,"column":18},"end":{"line":160,"column":44}},"92":{"start":{"line":162,"column":4},"end":{"line":162,"column":58}},"93":{"start":{"line":163,"column":4},"end":{"line":163,"column":41}},"94":{"start":{"line":165,"column":21},"end":{"line":165,"column":48}},"95":{"start":{"line":167,"column":4},"end":{"line":179,"column":7}},"96":{"start":{"line":171,"column":68},"end":{"line":178,"column":7}},"97":{"start":{"line":181,"column":4},"end":{"line":181,"column":43}},"98":{"start":{"line":182,"column":4},"end":{"line":182,"column":77}},"99":{"start":{"line":188,"column":2},"end":{"line":219,"column":3}},"100":{"start":{"line":189,"column":26},"end":{"line":189,"column":82}},"101":{"start":{"line":190,"column":4},"end":{"line":191,"column":95}},"102":{"start":{"line":191,"column":6},"end":{"line":191,"column":95}},"103":{"start":{"line":193,"column":53},"end":{"line":193,"column":61}},"104":{"start":{"line":194,"column":4},"end":{"line":195,"column":88}},"105":{"start":{"line":195,"column":6},"end":{"line":195,"column":88}},"106":{"start":{"line":196,"column":4},"end":{"line":197,"column":98}},"107":{"start":{"line":197,"column":6},"end":{"line":197,"column":98}},"108":{"start":{"line":199,"column":21},"end":{"line":199,"column":93}},"109":{"start":{"line":200,"column":4},"end":{"line":203,"column":5}},"110":{"start":{"line":201,"column":6},"end":{"line":201,"column":122}},"111":{"start":{"line":202,"column":6},"end":{"line":202,"column":106}},"112":{"start":{"line":205,"column":17},"end":{"line":205,"column":48}},"113":{"start":{"line":206,"column":15},"end":{"line":206,"column":38}},"114":{"start":{"line":207,"column":19},"end":{"line":207,"column":77}},"115":{"start":{"line":209,"column":4},"end":{"line":212,"column":6}},"116":{"start":{"line":213,"column":4},"end":{"line":213,"column":72}},"117":{"start":{"line":215,"column":4},"end":{"line":215,"column":101}},"118":{"start":{"line":217,"column":4},"end":{"line":217,"column":46}},"119":{"start":{"line":218,"column":4},"end":{"line":218,"column":77}},"120":{"start":{"line":224,"column":2},"end":{"line":241,"column":3}},"121":{"start":{"line":225,"column":20},"end":{"line":227,"column":5}},"122":{"start":{"line":228,"column":19},"end":{"line":230,"column":5}},"123":{"start":{"line":232,"column":4},"end":{"line":237,"column":7}},"124":{"start":{"line":239,"column":4},"end":{"line":239,"column":47}},"125":{"start":{"line":240,"column":4},"end":{"line":240,"column":77}},"126":{"start":{"line":246,"column":2},"end":{"line":259,"column":3}},"127":{"start":{"line":247,"column":17},"end":{"line":247,"column":79}},"128":{"start":{"line":248,"column":4},"end":{"line":248,"column":95}},"129":{"start":{"line":248,"column":15},"end":{"line":248,"column":95}},"130":{"start":{"line":250,"column":4},"end":{"line":250,"column":112}},"131":{"start":{"line":252,"column":15},"end":{"line":252,"column":98}},"132":{"start":{"line":253,"column":4},"end":{"line":253,"column":92}},"133":{"start":{"line":253,"column":13},"end":{"line":253,"column":92}},"134":{"start":{"line":255,"column":4},"end":{"line":255,"column":112}},"135":{"start":{"line":257,"column":4},"end":{"line":257,"column":42}},"136":{"start":{"line":258,"column":4},"end":{"line":258,"column":77}},"137":{"start":{"line":264,"column":2},"end":{"line":274,"column":3}},"138":{"start":{"line":265,"column":17},"end":{"line":265,"column":79}},"139":{"start":{"line":266,"column":4},"end":{"line":266,"column":95}},"140":{"start":{"line":266,"column":15},"end":{"line":266,"column":95}},"141":{"start":{"line":268,"column":4},"end":{"line":268,"column":114}},"142":{"start":{"line":270,"column":4},"end":{"line":270,"column":110}},"143":{"start":{"line":272,"column":4},"end":{"line":272,"column":41}},"144":{"start":{"line":273,"column":4},"end":{"line":273,"column":77}},"145":{"start":{"line":279,"column":2},"end":{"line":286,"column":4}},"146":{"start":{"line":290,"column":2},"end":{"line":299,"column":4}},"147":{"start":{"line":302,"column":0},"end":{"line":307,"column":2}}},"fnMap":{"0":{"name":"getStats","decl":{"start":{"line":5,"column":15},"end":{"line":5,"column":23}},"loc":{"start":{"line":5,"column":34},"end":{"line":29,"column":1}},"line":5},"1":{"name":"getUsers","decl":{"start":{"line":32,"column":15},"end":{"line":32,"column":23}},"loc":{"start":{"line":32,"column":34},"end":{"line":66,"column":1}},"line":32},"2":{"name":"getUser","decl":{"start":{"line":69,"column":15},"end":{"line":69,"column":22}},"loc":{"start":{"line":69,"column":33},"end":{"line":83,"column":1}},"line":69},"3":{"name":"setUserRole","decl":{"start":{"line":86,"column":15},"end":{"line":86,"column":26}},"loc":{"start":{"line":86,"column":37},"end":{"line":110,"column":1}},"line":86},"4":{"name":"toggleUserActive","decl":{"start":{"line":113,"column":15},"end":{"line":113,"column":31}},"loc":{"start":{"line":113,"column":42},"end":{"line":129,"column":1}},"line":113},"5":{"name":"deleteUser","decl":{"start":{"line":132,"column":15},"end":{"line":132,"column":25}},"loc":{"start":{"line":132,"column":36},"end":{"line":146,"column":1}},"line":132},"6":{"name":"getBookings","decl":{"start":{"line":149,"column":15},"end":{"line":149,"column":26}},"loc":{"start":{"line":149,"column":37},"end":{"line":184,"column":1}},"line":149},"7":{"name":"(anonymous_7)","decl":{"start":{"line":171,"column":62},"end":{"line":171,"column":63}},"loc":{"start":{"line":171,"column":68},"end":{"line":178,"column":7}},"line":171},"8":{"name":"createAdmin","decl":{"start":{"line":187,"column":15},"end":{"line":187,"column":26}},"loc":{"start":{"line":187,"column":37},"end":{"line":220,"column":1}},"line":187},"9":{"name":"getApplications","decl":{"start":{"line":223,"column":15},"end":{"line":223,"column":30}},"loc":{"start":{"line":223,"column":41},"end":{"line":242,"column":1}},"line":223},"10":{"name":"approveApplication","decl":{"start":{"line":245,"column":15},"end":{"line":245,"column":33}},"loc":{"start":{"line":245,"column":44},"end":{"line":260,"column":1}},"line":245},"11":{"name":"rejectApplication","decl":{"start":{"line":263,"column":15},"end":{"line":263,"column":32}},"loc":{"start":{"line":263,"column":43},"end":{"line":275,"column":1}},"line":263},"12":{"name":"formatUser","decl":{"start":{"line":278,"column":9},"end":{"line":278,"column":19}},"loc":{"start":{"line":278,"column":23},"end":{"line":287,"column":1}},"line":278},"13":{"name":"formatApplication","decl":{"start":{"line":289,"column":9},"end":{"line":289,"column":26}},"loc":{"start":{"line":289,"column":30},"end":{"line":300,"column":1}},"line":289}},"branchMap":{"0":{"loc":{"start":{"line":7,"column":28},"end":{"line":7,"column":84}},"type":"binary-expr","locations":[{"start":{"line":7,"column":28},"end":{"line":7,"column":79}},{"start":{"line":7,"column":83},"end":{"line":7,"column":84}}],"line":7},"1":{"loc":{"start":{"line":8,"column":28},"end":{"line":8,"column":117}},"type":"binary-expr","locations":[{"start":{"line":8,"column":28},"end":{"line":8,"column":112}},{"start":{"line":8,"column":116},"end":{"line":8,"column":117}}],"line":8},"2":{"loc":{"start":{"line":9,"column":28},"end":{"line":9,"column":108}},"type":"binary-expr","locations":[{"start":{"line":9,"column":28},"end":{"line":9,"column":103}},{"start":{"line":9,"column":107},"end":{"line":9,"column":108}}],"line":9},"3":{"loc":{"start":{"line":10,"column":28},"end":{"line":10,"column":114}},"type":"binary-expr","locations":[{"start":{"line":10,"column":28},"end":{"line":10,"column":109}},{"start":{"line":10,"column":113},"end":{"line":10,"column":114}}],"line":10},"4":{"loc":{"start":{"line":11,"column":28},"end":{"line":11,"column":87}},"type":"binary-expr","locations":[{"start":{"line":11,"column":28},"end":{"line":11,"column":82}},{"start":{"line":11,"column":86},"end":{"line":11,"column":87}}],"line":11},"5":{"loc":{"start":{"line":12,"column":28},"end":{"line":12,"column":112}},"type":"binary-expr","locations":[{"start":{"line":12,"column":28},"end":{"line":12,"column":107}},{"start":{"line":12,"column":111},"end":{"line":12,"column":112}}],"line":12},"6":{"loc":{"start":{"line":13,"column":28},"end":{"line":13,"column":114}},"type":"binary-expr","locations":[{"start":{"line":13,"column":28},"end":{"line":13,"column":109}},{"start":{"line":13,"column":113},"end":{"line":13,"column":114}}],"line":13},"7":{"loc":{"start":{"line":14,"column":28},"end":{"line":14,"column":114}},"type":"binary-expr","locations":[{"start":{"line":14,"column":28},"end":{"line":14,"column":109}},{"start":{"line":14,"column":113},"end":{"line":14,"column":114}}],"line":14},"8":{"loc":{"start":{"line":15,"column":28},"end":{"line":15,"column":122}},"type":"binary-expr","locations":[{"start":{"line":15,"column":28},"end":{"line":15,"column":117}},{"start":{"line":15,"column":121},"end":{"line":15,"column":122}}],"line":15},"9":{"loc":{"start":{"line":34,"column":26},"end":{"line":34,"column":34}},"type":"default-arg","locations":[{"start":{"line":34,"column":33},"end":{"line":34,"column":34}}],"line":34},"10":{"loc":{"start":{"line":34,"column":36},"end":{"line":34,"column":46}},"type":"default-arg","locations":[{"start":{"line":34,"column":44},"end":{"line":34,"column":46}}],"line":34},"11":{"loc":{"start":{"line":40,"column":4},"end":{"line":40,"column":65}},"type":"if","locations":[{"start":{"line":40,"column":4},"end":{"line":40,"column":65}},{"start":{},"end":{}}],"line":40},"12":{"loc":{"start":{"line":41,"column":4},"end":{"line":45,"column":5}},"type":"if","locations":[{"start":{"line":41,"column":4},"end":{"line":45,"column":5}},{"start":{},"end":{}}],"line":41},"13":{"loc":{"start":{"line":48,"column":27},"end":{"line":48,"column":43}},"type":"binary-expr","locations":[{"start":{"line":48,"column":27},"end":{"line":48,"column":38}},{"start":{"line":48,"column":42},"end":{"line":48,"column":43}}],"line":48},"14":{"loc":{"start":{"lin
[...]
19,"column":48}}],"line":19},"1":{"loc":{"start":{"line":48,"column":4},"end":{"line":49,"column":93}},"type":"if","locations":[{"start":{"line":48,"column":4},"end":{"line":49,"column":93}},{"start":{},"end":{}}],"line":48},"2":{"loc":{"start":{"line":48,"column":8},"end":{"line":48,"column":43}},"type":"binary-expr","locations":[{"start":{"line":48,"column":8},"end":{"line":48,"column":15}},{"start":{"line":48,"column":19},"end":{"line":48,"column":29}},{"start":{"line":48,"column":33},"end":{"line":48,"column":43}}],"line":48},"3":{"loc":{"start":{"line":50,"column":4},"end":{"line":51,"column":99}},"type":"if","locations":[{"start":{"line":50,"column":4},"end":{"line":51,"column":99}},{"start":{},"end":{}}],"line":50},"4":{"loc":{"start":{"line":50,"column":8},"end":{"line":50,"column":40}},"type":"binary-expr","locations":[{"start":{"line":50,"column":8},"end":{"line":50,"column":13}},{"start":{"line":50,"column":17},"end":{"line":50,"column":40}}],"line":50},"5":{"loc":{"start":{"line":54,"column":4},"end":{"line":55,"column":99}},"type":"if","locations":[{"start":{"line":54,"column":4},"end":{"line":55,"column":99}},{"start":{},"end":{}}],"line":54},"6":{"loc":{"start":{"line":54,"column":8},"end":{"line":54,"column":43}},"type":"binary-expr","locations":[{"start":{"line":54,"column":8},"end":{"line":54,"column":18}},{"start":{"line":54,"column":22},"end":{"line":54,"column":43}}],"line":54},"7":{"loc":{"start":{"line":62,"column":65},"end":{"line":62,"column":78}},"type":"binary-expr","locations":[{"start":{"line":62,"column":65},"end":{"line":62,"column":72}},{"start":{"line":62,"column":76},"end":{"line":62,"column":78}}],"line":62},"8":{"loc":{"start":{"line":70,"column":4},"end":{"line":77,"column":5}},"type":"if","locations":[{"start":{"line":70,"column":4},"end":{"line":77,"column":5}},{"start":{},"end":{}}],"line":70},"9":{"loc":{"start":{"line":73,"column":20},"end":{"line":73,"column":46}},"type":"binary-expr","locations":[{"start":{"line":73,"column":20},"end":{"line":73,"column":41}},{"start":{"line":73,"column":45},"end":{"line":73,"column":46}}],"line":73},"10":{"loc":{"start":{"line":74,"column":8},"end":{"line":74,"column":32}},"type":"binary-expr","locations":[{"start":{"line":74,"column":8},"end":{"line":74,"column":27}},{"start":{"line":74,"column":31},"end":{"line":74,"column":32}}],"line":74},"11":{"loc":{"start":{"line":86,"column":20},"end":{"line":86,"column":79}},"type":"cond-expr","locations":[{"start":{"line":86,"column":27},"end":{"line":86,"column":65}},{"start":{"line":86,"column":68},"end":{"line":86,"column":79}}],"line":86},"12":{"loc":{"start":{"line":91,"column":33},"end":{"line":91,"column":46}},"type":"binary-expr","locations":[{"start":{"line":91,"column":33},"end":{"line":91,"column":40}},{"start":{"line":91,"column":44},"end":{"line":91,"column":46}}],"line":91}},"s":{"0":5,"1":5,"2":0,"3":0,"4":0,"5":0,"6":0,"7":0,"8":0,"9":0,"10":0,"11":0,"12":0,"13":0,"14":0,"15":0,"16":0,"17":0,"18":0,"19":0,"20":0,"21":0,"22":0,"23":0,"24":0,"25":0,"26":0,"27":0,"28":0,"29":5},"f":{"0":0,"1":0,"2":0,"3":0},"b":{"0":[0,0],"1":[0,0],"2":[0,0,0],"3":[0,0],"4":[0,0],"5":[0,0],"6":[0,0],"7":[0,0],"8":[0,0],"9":[0,0],"10":[0,0],"11":[0,0],"12":[0,0]},"_coverageSchema":"1a1c01bbd47fc00a2c39e90264f33305004495a9","hash":"8e357cc0306e07f72bdeb1b4ce9c237710e45f5e"}
,"C:\\Users\\umity\\Desktop\\ufakisler\\isbul\\server\\src\\modules\\reviews\\reviews.routes.js": {"path":"C:\\Users\\umity\\Desktop\\ufakisler\\isbul\\server\\src\\modules\\reviews\\reviews.routes.js","statementMap":{"0":{"start":{"line":1,"column":17},"end":{"line":1,"column":35}},"1":{"start":{"line":2,"column":16},"end":{"line":2,"column":32}},"2":{"start":{"line":3,"column":16},"end":{"line":3,"column":47}},"3":{"start":{"line":4,"column":25},"end":{"line":4,"column":57}},"4":{"start":{"line":6,"column":0},"end":{"line":6,"column":47}},"5":{"start":{"line":7,"column":0},"end":{"line":7,"column":60}},"6":{"start":{"line":9,"column":0},"end":{"line":9,"column":24}}},"fnMap":{},"branchMap":{},"s":{"0":5,"1":5,"2":5,"3":5,"4":5,"5":5,"6":5},"f":{},"b":{},"_coverageSchema":"1a1c01bbd47fc00a2c39e90264f33305004495a9","hash":"72e82b6b1d9bd3f3d9a08c7de4b6bc9f403b5839"}
,"C:\\Users\\umity\\Desktop\\ufakisler\\isbul\\server\\src\\modules\\users\\upload.controller.js": {"path":"C:\\Users\\umity\\Desktop\\ufakisler\\isbul\\server\\src\\modules\\users\\upload.controller.js","statementMap":{"0":{"start":{"line":6,"column":25},"end":{"line":6,"column":44}},"1":{"start":{"line":10,"column":2},"end":{"line":32,"column":3}},"2":{"start":{"line":11,"column":23},"end":{"line":11,"column":31}},"3":{"start":{"line":13,"column":4},"end":{"line":15,"column":5}},"4":{"start":{"line":14,"column":6},"end":{"line":14,"column":98}},"5":{"start":{"line":18,"column":4},"end":{"line":20,"column":5}},"6":{"start":{"line":19,"column":6},"end":{"line":19,"column":93}},"7":{"start":{"line":22,"column":4},"end":{"line":22,"column":75}},"8":{"start":{"line":24,"column":4},"end":{"line":28,"column":7}},"9":{"start":{"line":30,"column":4},"end":{"line":30,"column":42}},"10":{"start":{"line":31,"column":4},"end":{"line":31,"column":77}},"11":{"start":{"line":35,"column":0},"end":{"line":35,"column":34}}},"fnMap":{"0":{"name":"uploadAvatar","decl":{"start":{"line":9,"column":15},"end":{"line":9,"column":27}},"loc":{"start":{"line":9,"column":38},"end":{"line":33,"column":1}},"line":9}},"branchMap":{"0":{"loc":{"start":{"line":13,"column":4},"end":{"line":15,"column":5}},"type":"if","locations":[{"start":{"line":13,"column":4},"end":{"line":15,"column":5}},{"start":{},"end":{}}],"line":13},"1":{"loc":{"start":{"line":13,"column":8},"end":{"line":13,"column":45}},"type":"binary-expr","locations":[{"start":{"line":13,"column":8},"end":{"line":13,"column":15}},{"start":{"line":13,"column":19},"end":{"line":13,"column":45}}],"line":13},"2":{"loc":{"start":{"line":18,"column":4},"end":{"line":20,"column":5}},"type":"if","locations":[{"start":{"line":18,"column":4},"end":{"line":20,"column":5}},{"start":{},"end":{}}],"line":18}},"s":{"0":5,"1":0,"2":0,"3":0,"4":0,"5":0,"6":0,"7":0,"8":0,"9":0,"10":0,"11":5},"f":{"0":0},"b":{"0":[0,0],"1":[0,0],"2":[0,0]},"_coverageSchema":"1a1c01bbd47fc00a2c39e90264f33305004495a9","hash":"1f9f58e8865bae90a073fb4394e57491085684fa"}
,"C:\\Users\\umity\\Desktop\\ufakisler\\isbul\\server\\src\\modules\\users\\users.controller.js": {"path":"C:\\Users\\umity\\Desktop\\ufakisler\\isbul\\server\\src\\modules\\users\\users.controller.js","statementMap":{"0":{"start":{"line":1,"column":16},"end":{"line":1,"column":35}},"1":{"start":{"line":2,"column":25},"end":{"line":2,"column":44}},"2":{"start":{"line":6,"column":2},"end":{"line":14,"column":3}},"3":{"start":{"line":7,"column":17},"end":{"line":7,"column":71}},"4":{"start":{"line":8,"column":4},"end":{"line":8,"column":95}},"5":{"start":{"line":8,"column":15},"end":{"line":8,"column":95}},"6":{"start":{"line":9,"column":19},"end":{"line":9,"column":84}},"7":{"start":{"line":10,"column":4},"end":{"line":10,"column":71}},"8":{"start":{"line":12,"column":4},"end":{"line":12,"column":45}},"9":{"start":{"line":13,"column":4},"end":{"line":13,"column":77}},"10":{"start":{"line":19,"column":2},"end":{"line":29,"column":3}},"11":{"start":{"line":20,"column":36},"end":{"line":20,"column":44}},"12":{"start":{"line":21,"column":4},"end":{"line":21,"column":121}},"13":{"start":{"line":21,"column":19},"end":{"line":21,"column":121}},"14":{"start":{"line":22,"column":4},"end":{"line":22,"column":120}},"15":{"start":{"line":22,"column":19},"end":{"line":22,"column":120}},"16":{"start":{"line":23,"column":19},"end":{"line":23,"column":73}},"17":{"start":{"line":24,"column":19},"end":{"line":24,"column":84}},"18":{"start":{"line":25,"column":4},"end":{"line":25,"column":71}},"19":{"start":{"line":27,"column":4},"end":{"line":27,"column":48}},"20":{"start":{"line":28,"column":4},"end":{"line":28,"column":77}},"21":{"start":{"line":34,"column":2},"end":{"line":54,"column":3}},"22":{"start":{"line":35,"column":45},"end":{"line":35,"column":53}},"23":{"start":{"line":36,"column":4},"end":{"line":37,"column":97}},"24":{"start":{"line":37,"column":6},"end":{"line":37,"column":97}},"25":{"start":{"line":38,"column":4},"end":{"line":39,"column":103}},"26":{"start":{"line":39,"column":6},"end":{"line":39,"column":103}},"27":{"start":{"line":41,"column":17},"end":{"line":41,"column":71}},"28":{"start":{"line":42,"column":4},"end":{"line":43,"column":107}},"29":{"start":{"line":43,"column":6},"end":{"line":43,"column":107}},"30":{"start":{"line":45,"column":18},"end":{"line":45,"column":75}},"31":{"start":{"line":46,"column":4},"end":{"line":46,"column":95}},"32":{"start":{"line":46,"column":16},"end":{"line":46,"column":95}},"33":{"start":{"line":48,"column":17},"end":{"line":48,"column":51}},"34":{"start":{"line":49,"column":4},"end":{"line":49,"column":104}},"35":{"start":{"line":50,"column":4},"end":{"line":50,"column":73}},"36":{"start":{"line":52,"column":4},"end":{"line":52,"column":49}},"37":{"start":{"line":53,"column":4},"end":{"line":53,"column":77}},"38":{"start":{"line":59,"column":2},"end":{"line":72,"column":3}},"39":{"start":{"line":60,"column":25},"end":{"line":60,"column":33}},"40":{"start":{"line":61,"column":17},"end":{"line":61,"column":71}},"41":{"start":{"line":62,"column":4},"end":{"line":66,"column":5}},"42":{"start":{"line":63,"column":6},"end":{"line":63,"column":97}},"43":{"start":{"line":63,"column":21},"end":{"line":63,"column":97}},"44":{"start":{"line":64,"column":20},"end":{"line":64,"column":70}},"45":{"start":{"line":65,"column":6},"end":{"line":65,"column":90}},"46":{"start":{"line":65,"column":18},"end":{"line":65,"column":90}},"47":{"start":{"line":67,"column":4},"end":{"line":67,"column":57}},"48":{"start":{"line":68,"column":4},"end":{"line":68,"column":70}},"49":{"start":{"line":70,"column":4},"end":{"line":70,"column":48}},"50":{"start":{"line":71,"column":4},"end":{"line":71,"column":77}},"51":{"start":{"line":76,"column":2},"end":{"line":94,"column":4}},"52":{"start":{"line":97,"column":0},"end":{"line":97,"column":78}}},"fnMap":{"0":{"name":"getProfile","decl":{"start":{"line":5,"column":9},"end":{"line":5,"column":19}},"loc":{"start":{"line":5,"column":30},"end":{"line":15,"column":1}},"line":5},"1":{"name":"updateProfile","decl":{"start":{"line":18,"column":9},"end":{"line":18,"column":22}},"loc":{"start":{"line":18,"column":33},"end":{"line":30,"column":1}},"line":18},"2":{"name":"changePassword","decl":{"start":{"line":33,"column":15},"end":{"line":33,"column":29}},"loc":{"start":{"line":33,"column":40},"end":{"line":55,"column":1}},"line":33},"3":{"name":"deleteAccount","decl":{"start":{"line":58,"column":15},"end":{"line":58,"column":28}},"loc":{"start":{"line":58,"column":39},"end":{"line":73,"column":1}},"line":58},"4":{"name":"formatUser","decl":{"start":{"line":75,"column":9},"end":{"line":75,"column":19}},"loc":{"start":{"line":75,"column":34},"end":{"line":95,"column":1}},"line":75}},"branchMap":{"0":{"loc":{"start":{"line":8,"column":4},"end":{"line":8,"column":95}},"type":"if","locations":[{"start":{"line":8,"column":4},"end":{"line":8,"column":95}},{"start":{},"end":{}}],"line":8},"1":{"loc":{"start":{"line":21,"column":4},"end":{"line":21,"column":121}},"type":"if","locations":[{"start":{"line":21,"column":4},"end":{"line":21,"column":121}},{"start":{},"end":{}}],"line":21},"2":{"loc":{"start":{"line":22,"column":4},"end":{"line":22,"column":120}},"type":"if","locations":[{"start":{"line":22,"column":4},"end":{"line":22,"column":120}},{"start":{},"end":{}}],"line":22},"3":{"loc":{"start":{"line":36,"column":4},"end":{"line":37,"column":97}},"type":"if","locations":[{"start":{"line":36,"column":4},"end":{"line":37,"column":97}},{"start":{},"end":{}}],"line":36},"4":{"loc":{"start":{"line":36,"column":8},"end":{"line":36,"column":40}},"type":"binary-expr","locations":[{"start":{"line":36,"column":8},"end":{"line":36,"column":24}},{"start":{"line":36,"column":28},"end":{"line":36,"column":40}}],"line":36},"5":{"loc":{"start":{"line":38,"column":4},"end":{"line":39,"column":103}},"type":"if","locations":[{"start":{"line":38,"column":4},"end":{"line":39,"column":103}},{"start":{},"end":{}}],"line":38},"6":{"loc":{"start":{"line":42,"column":4},"end":{"line":43,"column":107}},"type":"if","locations":[{"start":{"line":42,"column":4},"end":{"line":43,"column":107}},{"start":{},"end":{}}],"line":42},"7":{"loc":{"start":{"line":46,"column":4},"end":{"line":46,"column":95}},"type":"if","locations":[{"start":{"line":46,"column":4},"end":{"line":46,"column":95}},{"start":{},"end":{}}],"line":46},"8":{"loc":{"start":{"line":62,"column":4},"end":{"line":66,"column":5}},"type":"if","locations":[{"start":{"line":62,"column":4},"end":{"line":66,"column":5}},{"start":{},"end":{}}],"line":62},"9":{"loc":{"start":{"line":63,"column":6},"end":{"line":63,"column":97}},"type":"if","locations":[{"start":{"line":63,"column":6},"end":{"line":63,"column":97}},{"start":{},"end":{}}],"line":63},"10":{"loc":{"start":{"line":65,"column":6},"end":{"line":65,"column":90}},"type":"if","locations":[{"start":{"line":65,"column":6},"end":{"line":65,"column":90}},{"start":{},"end":{}}],"line":65},"11":{"loc":{"start":{"line":84,"column":15},"end":{"line":84,"column":62}},"type":"binary-expr","locations":[{"start":{"line":84,"column":15},"end":{"line":84,"column":37}},{"start":{"line":84,"column":41},"end":{"line":84,"column":62}}],"line":84},"12":{"loc":{"start":{"line":85,"column":16},"end":{"line":93,"column":12}},"type":"cond-expr","locations":[{"start":{"line":85,"column":25},"end":{"line":93,"column":5}},{"start":{"line":93,"column":8},"end":{"line":93,"column":12}}],"line":85},"13":{"loc":{"start":{"line":89,"column":26},"end":{"line":89,"column":45}},"type":"binary-expr","locations":[{"start":{"line":89,"column":26},"end":{"line":89,"column":37}},{"start":{"line":89,"column":41},"end":{"line":89,"column":45}}],"line":89}},"s":{"0":5,"1":5,"2":0,"3":0,"4":0,"5":0,"6":0,"7":0,"8":0,"9":0,"10":0,"11":0,"12":0,"13":0,"14":0,"15":0,"16":0,"17":0,"18":0,"19":0,"20":0,"21":0,"22":0,"23":0,"24":0,"25":0,"26":0,"27":0,"28":0,"29":0,"30":0,"31":0,"32":0,"33":0,"34":0,"35":0,"36":0,"37":0,"38":0,"39":0,"40":0,"41":0,"42":0,"43":0,"44":0,"45":0,"46":0,"47":0,"48":0,"49":0,"50":0,"51":0,"52":5},"f":{"0":0,"1":0,"2":0,"3":0,"4":0},"b":{"0":[0,0],"1":[0,0],"2":[0,0],"3":[0,0],"4":[0,0],"5":[0,0],"6":[0,0],"7":[0,0],"8":[0,0],"9":[0,0],"10":[0,0],"11":[0,0],"12":[0,0],"13":[0,0]},"_coverageSchema":"1a1c01bbd47fc00a2c39e90264f33305004495a9","hash":"ff43082c8cc6a120a384deb9b5457e1740ddddfc"}
,"C:\\Users\\umity\\Desktop\\ufakisler\\isbul\\server\\src\\modules\\users\\users.routes.js": {"path":"C:\\Users\\umity\\Desktop\\ufakisler\\isbul\\server\\src\\modules\\users\\users.routes.js","statementMap":{"0":{"start":{"line":1,"column":17},"end":{"line":1,"column":35}},"1":{"start":{"line":2,"column":16},"end":{"line":2,"column":32}},"2":{"start":{"line":3,"column":16},"end":{"line":3,"column":45}},"3":{"start":{"line":4,"column":16},"end":{"line":4,"column":46}},"4":{"start":{"line":5,"column":25},"end":{"line":5,"column":57}},"5":{"start":{"line":7,"column":0},"end":{"line":7,"column":62}},"6":{"start":{"line":8,"column":0},"end":{"line":8,"column":65}},"7":{"start":{"line":9,"column":0},"end":{"line":9,"column":66}},"8":{"start":{"line":10,"column":0},"end":{"line":10,"column":65}},"9":{"start":{"line":11,"column":0},"end":{"line":11,"column":66}},"10":{"start":{"line":13,"column":0},"end":{"line":13,"column":24}}},"fnMap":{},"branchMap":{},"s":{"0":5,"1":5,"2":5,"3":5,"4":5,"5":5,"6":5,"7":5,"8":5,"9":5,"10":5},"f":{},"b":{},"_coverageSchema":"1a1c01bbd47fc00a2c39e90264f33305004495a9","hash":"1c72ac22de59c2f27039dd99c1974902af4799ef"}
,"C:\\Users\\umity\\Desktop\\ufakisler\\isbul\\server\\src\\utils\\sanitize.js": {"path":"C:\\Users\\umity\\Desktop\\ufakisler\\isbul\\server\\src\\utils\\sanitize.js","statementMap":{"0":{"start":{"line":11,"column":2},"end":{"line":11,"column":53}},"1":{"start":{"line":11,"column":43},"end":{"line":11,"column":53}},"2":{"start":{"line":12,"column":2},"end":{"line":25,"column":12}},"3":{"start":{"line":32,"column":17},"end":{"line":32,"column":27}},"4":{"start":{"line":33,"column":2},"end":{"line":37,"column":5}},"5":{"start":{"line":34,"column":4},"end":{"line":36,"column":5}},"6":{"start":{"line":35,"column":6},"end":{"line":35,"column":58}},"7":{"start":{"line":38,"column":2},"end":{"line":38,"column":16}},"8":{"start":{"line":41,"column":0},"end":{"line":41,"column":50}}},"fnMap":{"0":{"name":"sanitizeText","decl":{"start":{"line":10,"column":9},"end":{"line":10,"column":21}},"loc":{"start":{"line":10,"column":29},"end":{"line":26,"column":1}},"line":10},"1":{"name":"sanitizeFields","decl":{"start":{"line":31,"column":9},"end":{"line":31,"column":23}},"loc":{"start":{"line":31,"column":37},"end":{"line":39,"column":1}},"line":31},"2":{"name":"(anonymous_2)","decl":{"start":{"line":33,"column":17},"end":{"line":33,"column":18}},"loc":{"start":{"line":33,"column":26},"end":{"line":37,"column":3}},"line":33}},"branchMap":{"0":{"loc":{"start":{"line":11,"column":2},"end":{"line":11,"column":53}},"type":"if","locations":[{"start":{"line":11,"column":2},"end":{"line":11,"column":53}},{"start":{},"end":{}}],"line":11},"1":{"loc":{"start":{"line":11,"column":6},"end":{"line":11,"column":41}},"type":"binary-expr","locations":[{"start":{"line":11,"column":6},"end":{"line":11,"column":12}},{"start":{"line":11,"column":16},"end":{"line":11,"column":41}}],"line":11},"2":{"loc":{"start":{"line":34,"column":4},"end":{"line":36,"column":5}},"type":"if","locations":[{"start":{"line":34,"column":4},"end":{"line":36,"column":5}},{"start":{},"end":{}}],"line":34},"3":{"loc":{"start":{"line":34,"column":8},"end":{"line":34,"column":61}},"type":"binary-expr","locations":[{"start":{"line":34,"column":8},"end":{"line":34,"column":35}},{"start":{"line":34,"column":39},"end":{"line":34,"column":61}}],"line":34}},"s":{"0":0,"1":0,"2":0,"3":0,"4":0,"5":0,"6":0,"7":0,"8":5},"f":{"0":0,"1":0,"2":0},"b":{"0":[0,0],"1":[0,0],"2":[0,0],"3":[0,0]},"_coverageSchema":"1a1c01bbd47fc00a2c39e90264f33305004495a9","hash":"71380b579ddb0f2e99cbeb80439cfce503677b61"}
,"C:\\Users\\umity\\Desktop\\ufakisler\\isbul\\server\\tests\\helpers.js": {"path":"C:\\Users\\umity\\Desktop\\ufakisler\\isbul\\server\\tests\\helpers.js","statementMap":{"0":{"start":{"line":1,"column":17},"end":{"line":1,"column":37}},"1":{"start":{"line":2,"column":24},"end":{"line":2,"column":45}},"2":{"start":{"line":3,"column":43},"end":{"line":3,"column":72}},"3":{"start":{"line":6,"column":0},"end":{"line":10,"column":3}},"4":{"start":{"line":7,"column":2},"end":{"line":7,"column":38}},"5":{"start":{"line":8,"column":2},"end":{"line":8,"column":34}},"6":{"start":{"line":9,"column":2},"end":{"line":9,"column":17}},"7":{"start":{"line":13,"column":15},"end":{"line":19,"column":3}},"8":{"start":{"line":20,"column":17},"end":{"line":20,"column":73}},"9":{"start":{"line":21,"column":2},"end":{"line":21,"column":73}},"10":{"start":{"line":24,"column":0},"end":{"line":24,"column":84}}},"fnMap":{"0":{"name":"(anonymous_0)","decl":{"start":{"line":6,"column":10},"end":{"line":6,"column":11}},"loc":{"start":{"line":6,"column":22},"end":{"line":10,"column":1}},"line":6},"1":{"name":"registerAndLogin","decl":{"start":{"line":12,"column":15},"end":{"line":12,"column":31}},"loc":{"start":{"line":12,"column":43},"end":{"line":22,"column":1}},"line":12}},"branchMap":{"0":{"loc":{"start":{"line":12,"column":32},"end":{"line":12,"column":41}},"type":"default-arg","locations":[{"start":{"line":12,"column":39},"end":{"line":12,"column":41}}],"line":12}},"s":{"0":5,"1":5,"2":5,"3":5,"4":5,"5":5,"6":5,"7":27,"8":27,"9":27,"10":5},"f":{"0":5,"1":27},"b":{"0":[0]},"_coverageSchema":"1a1c01bbd47fc00a2c39e90264f33305004495a9","hash":"7bdd2967d3678edc0b4a6bcfc3e0a6eaaae25e97"}
}
