TN:
SF:src\app.js
FN:34,(anonymous_0)
FN:67,(anonymous_1)
FN:84,(anonymous_2)
FN:114,(anonymous_3)
FN:150,(anonymous_4)
FN:164,(anonymous_5)
FN:175,(anonymous_6)
FN:197,start
FN:201,(anonymous_8)
FN:211,(anonymous_9)
FNF:10
FNH:3
FNDA:179,(anonymous_0)
FNDA:113,(anonymous_1)
FNDA:0,(anonymous_2)
FNDA:1,(anonymous_3)
FNDA:0,(anonymous_4)
FNDA:0,(anonymous_5)
FNDA:0,(anonymous_6)
FNDA:0,start
FNDA:0,(anonymous_8)
FNDA:0,(anonymous_9)
DA:12,5
DA:15,5
DA:16,5
DA:23,5
DA:24,5
DA:25,5
DA:26,5
DA:27,5
DA:28,5
DA:29,5
DA:30,5
DA:31,5
DA:32,5
DA:34,179
DA:35,5
DA:36,5
DA:37,5
DA:38,5
DA:39,5
DA:40,5
DA:42,5
DA:55,5
DA:66,5
DA:69,113
DA:70,0
DA:72,0
DA:73,0
DA:75,0
DA:83,5
DA:84,0
DA:87,5
DA:88,5
DA:90,5
DA:92,5
DA:94,5
DA:96,5
DA:100,5
DA:101,5
DA:102,5
DA:103,5
DA:104,5
DA:105,5
DA:106,5
DA:107,5
DA:108,5
DA:109,5
DA:111,5
DA:112,5
DA:114,5
DA:115,1
DA:150,5
DA:151,0
DA:164,5
DA:165,0
DA:175,5
DA:176,0
DA:178,0
DA:179,0
DA:184,0
DA:185,0
DA:198,0
DA:199,0
DA:200,0
DA:201,0
DA:202,0
DA:203,0
DA:204,0
DA:205,0
DA:206,0
DA:207,0
DA:210,5
DA:211,0
DA:213,5
LF:73
LH:50
BRDA:18,0,0,5
BRDA:18,0,1,0
BRDA:36,1,0,5
BRDA:36,1,1,0
BRDA:37,2,0,5
BRDA:37,2,1,0
BRDA:38,3,0,5
BRDA:38,3,1,0
BRDA:56,4,0,5
BRDA:56,4,1,0
BRDA:69,5,0,113
BRDA:69,5,1,0
BRDA:70,6,0,0
BRDA:70,6,1,0
BRDA:72,7,0,0
BRDA:72,7,1,0
BRDA:72,8,0,0
BRDA:72,8,1,0
BRDA:83,9,0,0
BRDA:83,9,1,5
BRDA:178,10,0,0
BRDA:178,10,1,0
BRDA:184,11,0,0
BRDA:184,11,1,0
BRDA:189,12,0,0
BRDA:189,12,1,0
BRDA:191,13,0,0
BRDA:191,13,1,0
BRDA:200,14,0,0
BRDA:200,14,1,0
BRDA:206,15,0,0
BRDA:206,15,1,0
BRDA:210,16,0,0
BRDA:210,16,1,5
BRF:34
BRH:8
end_of_record
TN:
SF:src\config\cache.js
FN:15,getRedis
FN:33,(anonymous_1)
FN:50,(anonymous_2)
FN:63,(anonymous_3)
FN:76,(anonymous_4)
FNF:5
FNH:2
FNDA:25,getRedis
FNDA:25,(anonymous_1)
FNDA:0,(anonymous_2)
FNDA:0,(anonymous_3)
FNDA:0,(anonymous_4)
DA:11,5
DA:13,5
DA:16,25
DA:17,25
DA:18,25
DA:20,0
DA:25,0
DA:28,5
DA:34,25
DA:35,25
DA:36,25
DA:37,0
DA:39,0
DA:40,0
DA:51,0
DA:52,0
DA:53,0
DA:54,0
DA:56,0
DA:64,0
DA:65,0
DA:66,0
DA:67,0
DA:69,0
DA:77,0
DA:78,0
DA:79,0
DA:80,0
DA:81,0
DA:83,0
DA:88,5
LF:31
LH:10
BRDA:16,0,0,25
BRDA:16,0,1,0
BRDA:17,1,0,25
BRDA:17,1,1,0
BRDA:17,2,0,25
BRDA:17,2,1,0
BRDA:36,3,0,25
BRDA:36,3,1,0
BRDA:50,4,0,0
BRDA:53,5,0,0
BRDA:53,5,1,0
BRDA:66,6,0,0
BRDA:66,6,1,0
BRDA:79,7,0,0
BRDA:79,7,1,0
BRDA:81,8,0,0
BRDA:81,8,1,0
BRF:17
BRH:4
end_of_record
TN:
SF:src\config\jwt.js
FN:17,signToken
FN:21,verifyToken
FNF:2
FNH:2
FNDA:51,signToken
FNDA:25,verifyToken
DA:1,5
DA:3,5
DA:4,5
DA:7,5
DA:8,0
DA:9,0
DA:10,0
DA:12,0
DA:15,5
DA:18,51
DA:22,25
DA:25,5
LF:12
LH:8
BRDA:4,0,0,5
BRDA:4,0,1,0
BRDA:7,1,0,0
BRDA:7,1,1,5
BRDA:8,2,0,0
BRDA:8,2,1,0
BRDA:15,3,0,5
BRDA:15,3,1,0
BRF:8
BRH:3
end_of_record
TN:
SF:src\config\logger.js
FN:25,(anonymous_0)
FNF:1
FNH:0
FNDA:0,(anonymous_0)
DA:10,5
DA:12,5
DA:15,5
DA:21,5
DA:26,0
DA:27,0
DA:31,5
DA:42,5
LF:8
LH:6
BRDA:26,0,0,0
BRDA:26,0,1,0
BRDA:32,1,0,0
BRDA:32,1,1,5
BRDA:33,2,0,0
BRDA:33,2,1,5
BRF:6
BRH:2
end_of_record
TN:
SF:src\config\passport.js
FN:5,getInitials
FN:9,randomColor
FN:10,genId
FN:18,(anonymous_3)
FNF:4
FNH:0
FNDA:0,getInitials
FNDA:0,randomColor
FNDA:0,genId
FNDA:0,(anonymous_3)
DA:1,5
DA:2,5
DA:3,5
DA:6,0
DA:8,5
DA:9,0
DA:10,0
DA:12,5
DA:19,0
DA:20,0
DA:21,0
DA:22,0
DA:24,0
DA:25,0
DA:28,0
DA:29,0
DA:30,0
DA:32,0
DA:33,0
DA:36,0
DA:37,0
DA:39,0
DA:40,0
DA:41,0
DA:42,0
DA:43,0
DA:44,0
DA:45,0
DA:49,0
DA:50,0
DA:51,0
DA:52,0
DA:53,0
DA:54,0
DA:59,0
DA:60,0
DA:63,0
DA:64,0
DA:74,0
DA:75,0
DA:76,0
DA:81,5
LF:42
LH:6
BRDA:6,0,0,0
BRDA:6,0,1,0
BRDA:6,1,0,0
BRDA:6,1,1,0
BRDA:14,2,0,5
BRDA:14,2,1,0
BRDA:15,3,0,5
BRDA:15,3,1,0
BRDA:16,4,0,5
BRDA:16,4,1,0
BRDA:28,5,0,0
BRDA:28,5,1,0
BRDA:29,6,0,0
BRDA:29,6,1,0
BRDA:29,6,2,0
BRDA:29,6,3,0
BRDA:30,7,0,0
BRDA:30,7,1,0
BRDA:30,7,2,0
BRDA:39,8,0,0
BRDA:39,8,1,0
BRDA:39,9,0,0
BRDA:39,9,1,0
BRDA:43,10,0,0
BRDA:43,10,1,0
BRDA:49,11,0,0
BRDA:49,11,1,0
BRF:27
BRH:3
end_of_record
TN:
SF:src\config\swagger.js
FNF:0
FNH:0
DA:6,5
DA:8,5
DA:323,5
DA:332,5
LF:4
LH:4
BRF:0
BRH:0
end_of_record
TN:
SF:src\db\database.js
FN:24,initDb
FN:43,getDb
FN:49,saveDb
FN:61,startAutoSave
FN:67,initSchema
FN:147,dbGet
FN:160,dbAll
FN:172,dbRun
FN:178,resetDb
FN:188,closeDb
FNF:10
FNH:3
FNDA:0,initDb
FNDA:0,getDb
FNDA:0,saveDb
FNDA:0,startAutoSave
FNDA:0,initSchema
FNDA:0,dbGet
FNDA:0,dbAll
FNDA:18,dbRun
FNDA:57,resetDb
FNDA:5,closeDb
DA:6,5
DA:7,5
DA:8,5
DA:10,5
DA:14,5
DA:15,5
DA:17,5
DA:18,5
DA:25,0
DA:26,0
DA:28,0
DA:30,0
DA:31,0
DA:32,0
DA:34,0
DA:37,0
DA:38,0
DA:39,0
DA:40,0
DA:44,0
DA:45,0
DA:50,0
DA:51,0
DA:52,0
DA:53,0
DA:55,0
DA:62,0
DA:63,0
DA:64,0
DA:68,0
DA:148,0
DA:149,0
DA:150,0
DA:151,0
DA:152,0
DA:153,0
DA:155,0
DA:156,0
DA:161,0
DA:162,0
DA:163,0
DA:164,0
DA:165,0
DA:167,0
DA:168,0
DA:173,18
DA:174,0
DA:179,57
DA:180,0
DA:181,0
DA:182,0
DA:183,0
DA:184,0
DA:189,5
DA:190,5
DA:193,5
LF:56
LH:13
BRDA:10,0,0,5
BRDA:10,0,1,0
BRDA:15,1,0,0
BRDA:15,1,1,5
BRDA:25,2,0,0
BRDA:25,2,1,0
BRDA:28,3,0,0
BRDA:28,3,1,0
BRDA:30,4,0,0
BRDA:30,4,1,0
BRDA:30,5,0,0
BRDA:30,5,1,0
BRDA:39,6,0,0
BRDA:39,6,1,0
BRDA:44,7,0,0
BRDA:44,7,1,0
BRDA:50,8,0,0
BRDA:50,8,1,0
BRDA:61,9,0,0
BRDA:62,10,0,0
BRDA:62,10,1,0
BRDA:150,11,0,0
BRDA:150,11,1,0
BRDA:179,12,0,57
BRDA:179,12,1,0
BRDA:189,13,0,0
BRDA:189,13,1,5
BRDA:190,14,0,0
BRDA:190,14,1,5
BRF:29
BRH:5
end_of_record
TN:
SF:src\db\index.js
FN:26,(anonymous_0)
FNF:1
FNH:0
FNDA:0,(anonymous_0)
DA:7,5
DA:8,5
DA:12,5
DA:13,5
DA:14,5
DA:16,0
DA:17,0
DA:20,5
LF:8
LH:6
BRDA:12,0,0,5
BRDA:12,0,1,0
BRDA:21,1,0,5
BRDA:21,1,1,0
BRDA:22,2,0,5
BRDA:22,2,1,0
BRDA:23,3,0,5
BRDA:23,3,1,0
BRDA:24,4,0,5
BRDA:24,4,1,0
BRDA:25,5,0,5
BRDA:25,5,1,0
BRDA:26,6,0,0
BRDA:26,6,1,5
BRF:14
BRH:7
end_of_record
TN:
SF:src\db\postgres.js
FN:10,initPostgres
FN:50,createTables
FN:167,convertPlaceholders
FN:169,(anonymous_3)
FN:173,query
FN:181,pgGet
FN:187,pgAll
FN:192,pgRun
FN:199,closePostgres
FN:213,(anonymous_9)
FNF:10
FNH:8
FNDA:5,initPostgres
FNDA:5,createTables
FNDA:159,convertPlaceholders
FNDA:395,(anonymous_3)
FNDA:117,query
FNDA:106,pgGet
FNDA:11,pgAll
FNDA:42,pgRun
FNDA:0,closePostgres
FNDA:0,(anonymous_9)
DA:5,5
DA:7,5
DA:11,5
DA:13,5
DA:14,5
DA:16,5
DA:17,0
DA:21,5
DA:22,0
DA:23,0
DA:26,5
DA:35,5
DA:36,5
DA:37,5
DA:38,5
DA:40,0
DA:41,0
DA:45,5
DA:46,5
DA:51,5
DA:52,5
DA:53,5
DA:56,5
DA:75,5
DA:91,5
DA:112,5
DA:124,5
DA:137,5
DA:149,5
DA:150,5
DA:151,5
DA:152,5
DA:153,5
DA:154,5
DA:155,5
DA:157,5
DA:159,0
DA:160,0
DA:162,5
DA:168,159
DA:169,395
DA:174,117
DA:175,117
DA:176,117
DA:177,117
DA:182,106
DA:183,106
DA:188,11
DA:193,42
DA:194,42
DA:195,42
DA:200,0
DA:201,0
DA:202,0
DA:203,0
DA:207,5
DA:213,0
LF:57
LH:45
BRDA:11,0,0,0
BRDA:11,0,1,5
BRDA:16,1,0,0
BRDA:16,1,1,5
BRDA:16,2,0,5
BRDA:16,2,1,0
BRDA:21,3,0,0
BRDA:21,3,1,5
BRDA:28,4,0,0
BRDA:28,4,1,5
BRDA:173,5,0,0
BRDA:174,6,0,0
BRDA:174,6,1,117
BRDA:183,7,0,106
BRDA:183,7,1,40
BRDA:200,8,0,0
BRDA:200,8,1,0
BRF:17
BRH:8
end_of_record
TN:
SF:src\middleware\auth.js
FN:8,isBlacklisted
FN:17,blacklistToken
FN:34,authenticate
FN:56,optionalAuth
FN:79,requireRole
FN:80,(anonymous_5)
FNF:6
FNH:4
FNDA:25,isBlacklisted
FNDA:0,blacklistToken
FNDA:29,authenticate
FNDA:0,optionalAuth
FNDA:10,requireRole
FNDA:22,(anonymous_5)
DA:1,5
DA:2,5
DA:9,25
DA:10,25
DA:19,0
DA:20,0
DA:21,0
DA:22,0
DA:23,0
DA:26,0
DA:35,29
DA:36,29
DA:37,4
DA:39,25
DA:40,25
DA:42,25
DA:43,0
DA:45,25
DA:46,24
DA:47,24
DA:49,1
DA:57,0
DA:58,0
DA:59,0
DA:60,0
DA:62,0
DA:63,0
DA:64,0
DA:65,0
DA:66,0
DA:68,0
DA:69,0
DA:71,0
DA:73,0
DA:80,10
DA:81,22
DA:82,0
DA:84,22
DA:85,1
DA:87,21
DA:91,5
LF:41
LH:20
BRDA:22,0,0,0
BRDA:22,0,1,0
BRDA:36,1,0,4
BRDA:36,1,1,25
BRDA:36,2,0,29
BRDA:36,2,1,25
BRDA:42,3,0,0
BRDA:42,3,1,25
BRDA:58,4,0,0
BRDA:58,4,1,0
BRDA:58,5,0,0
BRDA:58,5,1,0
BRDA:64,6,0,0
BRDA:64,6,1,0
BRDA:81,7,0,0
BRDA:81,7,1,22
BRDA:84,8,0,1
BRDA:84,8,1,21
BRF:18
BRH:8
end_of_record
TN:
SF:src\middleware\rateLimiter.js
FNF:0
FNH:0
DA:1,5
DA:9,5
DA:25,5
DA:41,5
DA:56,5
LF:5
LH:5
BRF:0
BRH:0
end_of_record
TN:
SF:src\middleware\response.js
FN:10,responseMiddleware
FN:12,(anonymous_1)
FN:22,(anonymous_2)
FN:27,(anonymous_3)
FNF:4
FNH:1
FNDA:113,responseMiddleware
FNDA:0,(anonymous_1)
FNDA:0,(anonymous_2)
FNDA:0,(anonymous_3)
DA:12,113
DA:13,0
DA:22,113
DA:23,0
DA:27,113
DA:28,0
DA:38,113
DA:41,5
LF:8
LH:5
BRDA:12,0,0,0
BRDA:12,1,0,0
BRDA:12,2,0,0
BRDA:16,3,0,0
BRDA:16,3,1,0
BRDA:22,4,0,0
BRDA:27,5,0,0
BRDA:27,6,0,0
BRDA:31,7,0,0
BRDA:31,7,1,0
BRDA:32,8,0,0
BRDA:32,8,1,0
BRF:12
BRH:0
end_of_record
TN:
SF:src\modules\admin\admin.controller.js
FN:5,getStats
FN:32,getUsers
FN:69,getUser
FN:86,setUserRole
FN:113,toggleUserActive
FN:132,deleteUser
FN:149,getBookings
FN:171,(anonymous_7)
FN:187,createAdmin
FN:223,getApplications
FN:245,approveApplication
FN:263,rejectApplication
FN:278,formatUser
FN:289,formatApplication
FNF:14
FNH:12
FNDA:1,getStats
FNDA:4,getUsers
FNDA:3,getUser
FNDA:3,setUserRole
FNDA:3,toggleUserActive
FNDA:2,deleteUser
FNDA:2,getBookings
FNDA:0,(anonymous_7)
FNDA:0,createAdmin
FNDA:1,getApplications
FNDA:1,approveApplication
FNDA:1,rejectApplication
FNDA:46,formatUser
FNDA:2,formatApplication
DA:1,5
DA:2,5
DA:6,1
DA:7,1
DA:8,1
DA:9,1
DA:10,1
DA:11,1
DA:12,1
DA:13,1
DA:14,1
DA:15,1
DA:17,1
DA:26,0
DA:27,0
DA:33,4
DA:34,4
DA:35,4
DA:37,4
DA:38,4
DA:40,4
DA:41,4
DA:42,1
DA:43,1
DA:44,1
DA:47,4
DA:48,4
DA:50,4
DA:51,4
DA:53,4
DA:55,4
DA:63,0
DA:64,0
DA:70,3
DA:71,3
DA:75,3
DA:77,2
DA:78,2
DA:80,0
DA:81,0
DA:87,3
DA:88,3
DA:89,3
DA:90,1
DA:91,2
DA:92,1
DA:94,1
DA:95,1
DA:97,1
DA:99,1
DA:100,1
DA:101,1
DA:104,1
DA:105,1
DA:107,0
DA:108,0
DA:114,3
DA:115,3
DA:116,0
DA:118,3
DA:119,3
DA:121,3
DA:122,3
DA:124,3
DA:126,0
DA:127,0
DA:133,2
DA:134,2
DA:135,1
DA:137,1
DA:138,1
DA:140,1
DA:141,1
DA:143,0
DA:144,0
DA:150,2
DA:151,2
DA:152,2
DA:154,2
DA:155,2
DA:157,2
DA:159,2
DA:160,2
DA:162,2
DA:163,2
DA:165,2
DA:167,2
DA:171,0
DA:181,0
DA:182,0
DA:188,0
DA:189,0
DA:190,0
DA:191,0
DA:193,0
DA:194,0
DA:195,0
DA:196,0
DA:197,0
DA:199,0
DA:200,0
DA:201,0
DA:202,0
DA:205,0
DA:206,0
DA:207,0
DA:209,0
DA:213,0
DA:215,0
DA:217,0
DA:218,0
DA:224,1
DA:225,1
DA:228,1
DA:232,1
DA:239,0
DA:240,0
DA:246,1
DA:247,1
DA:248,1
DA:250,1
DA:252,1
DA:253,1
DA:255,1
DA:257,0
DA:258,0
DA:264,1
DA:265,1
DA:266,1
DA:268,1
DA:270,1
DA:272,0
DA:273,0
DA:279,46
DA:290,2
DA:302,5
LF:136
LH:93
BRDA:7,0,0,1
BRDA:7,0,1,0
BRDA:8,1,0,1
BRDA:8,1,1,0
BRDA:9,2,0,1
BRDA:9,2,1,0
BRDA:10,3,0,1
BRDA:10,3,1,0
BRDA:11,4,0,1
BRDA:11,4,1,0
BRDA:12,5,0,1
BRDA:12,5,1,0
BRDA:13,6,0,1
BRDA:13,6,1,0
BRDA:14,7,0,1
BRDA:14,7,1,0
BRDA:15,8,0,1
BRDA:15,8,1,1
BRDA:34,9,0,3
BRDA:34,10,0,3
BRDA:40,11,0,1
BRDA:40,11,1,3
BRDA:41,12,0,1
BRDA:41,12,1,3
BRDA:48,13,0,4
BRDA:48,13,1,0
BRDA:60,14,0,4
BRDA:60,14,1,0
BRDA:75,15,0,1
BRDA:75,15,1,2
BRDA:78,16,0,2
BRDA:78,16,1,0
BRDA:89,17,0,1
BRDA:89,17,1,2
BRDA:91,18,0,1
BRDA:91,18,1,1
BRDA:95,19,0,0
BRDA:95,19,1,1
BRDA:99,20,0,1
BRDA:99,20,1,0
BRDA:99,21,0,1
BRDA:99,21,1,0
BRDA:101,22,0,1
BRDA:101,22,1,0
BRDA:115,23,0,0
BRDA:115,23,1,3
BRDA:119,24,0,0
BRDA:119,24,1,3
BRDA:124,25,0,1
BRDA:124,25,1,2
BRDA:134,26,0,1
BRDA:134,26,1,1
BRDA:138,27,0,0
BRDA:138,27,1,1
BRDA:151,28,0,2
BRDA:151,29,0,2
BRDA:157,30,0,1
BRDA:157,30,1,1
BRDA:160,31,0,2
BRDA:160,31,1,0
BRDA:171,32,0,2
BRDA:171,32,1,0
BRDA:190,33,0,0
BRDA:190,33,1,0
BRDA:194,34,0,0
BRDA:194,34,1,0
BRDA:194,35,0,0
BRDA:194,35,1,0
BRDA:194,35,2,0
BRDA:194,35,3,0
BRDA:196,36,0,0
BRDA:196,36,1,0
BRDA:200,37,0,0
BRDA:200,37,1,0
BRDA:207,38,0,0
BRDA:207,38,1,0
BRDA:207,39,0,0
BRDA:207,39,1,0
BRDA:234,40,0,1
BRDA:234,40,1,0
BRDA:235,41,0,1
BRDA:235,41,1,0
BRDA:248,42,0,0
BRDA:248,42,1,1
BRDA:253,43,0,1
BRDA:253,43,1,0
BRDA:266,44,0,0
BRDA:266,44,1,1
BRDA:283,45,0,46
BRDA:283,45,1,46
BRDA:284,46,0,46
BRDA:284,46,1,45
BRDA:284,47,0,46
BRDA:284,47,1,46
BRDA:285,48,0,46
BRDA:285,48,1,45
BRDA:285,49,0,46
BRDA:285,49,1,46
BRDA:295,50,0,2
BRDA:295,50,1,1
BRDA:295,51,0,2
BRDA:295,51,1,2
BRDA:296,52,0,2
BRDA:296,52,1,2
BRDA:297,53,0,0
BRDA:297,53,1,2
BRDA:298,54,0,2
BRDA:298,54,1,2
BRF:108
BRH:66
end_of_record
TN:
SF:src\modules\admin\admin.routes.js
FN:7,(anonymous_0)
FNF:1
FNH:1
FNDA:21,(anonymous_0)
DA:1,5
DA:2,5
DA:3,5
DA:4,5
DA:7,5
DA:8,21
DA:9,21
DA:10,21
DA:12,0
DA:16,5
DA:18,5
DA:19,5
DA:20,5
DA:21,5
DA:22,5
DA:23,5
DA:24,5
DA:27,5
DA:28,5
DA:29,5
DA:31,5
LF:21
LH:20
BRDA:8,0,0,21
BRDA:8,0,1,21
BRDA:9,1,0,21
BRDA:9,1,1,0
BRDA:9,2,0,21
BRDA:9,2,1,0
BRF:6
BRH:4
end_of_record
TN:
SF:src\modules\auth\auth.controller.js
FN:7,register
FN:44,login
FN:74,me
FN:108,logout
FN:121,formatUser
FN:140,formatUserFromProvider
FN:159,getStatusCodeFromAuthError
FNF:7
FNH:6
FNDA:40,register
FNDA:20,login
FNDA:1,me
FNDA:0,logout
FNDA:1,formatUser
FNDA:51,formatUserFromProvider
FNDA:9,getStatusCodeFromAuthError
DA:1,5
DA:2,5
DA:3,5
DA:4,5
DA:8,40
DA:10,40
DA:12,40
DA:20,33
DA:28,7
DA:31,7
DA:32,7
DA:33,7
DA:39,0
DA:45,20
DA:47,20
DA:49,20
DA:51,18
DA:58,2
DA:61,2
DA:62,2
DA:63,2
DA:69,0
DA:75,1
DA:76,1
DA:77,1
DA:80,1
DA:81,1
DA:82,0
DA:83,0
DA:84,0
DA:96,1
DA:102,0
DA:103,0
DA:109,0
DA:110,0
DA:111,0
DA:112,0
DA:114,0
DA:116,0
DA:117,0
DA:122,1
DA:141,51
DA:160,9
DA:177,9
DA:180,5
LF:45
LH:31
BRDA:31,0,0,7
BRDA:31,0,1,0
BRDA:61,1,0,2
BRDA:61,1,1,0
BRDA:77,2,0,0
BRDA:77,2,1,1
BRDA:81,3,0,0
BRDA:81,3,1,1
BRDA:81,4,0,1
BRDA:81,4,1,1
BRDA:83,5,0,0
BRDA:83,5,1,0
BRDA:88,6,0,0
BRDA:88,6,1,0
BRDA:111,7,0,0
BRDA:111,7,1,0
BRDA:130,8,0,1
BRDA:130,8,1,1
BRDA:131,9,0,1
BRDA:131,9,1,1
BRDA:149,10,0,51
BRDA:149,10,1,34
BRDA:150,11,0,51
BRDA:150,11,1,34
BRDA:177,12,0,9
BRDA:177,12,1,0
BRF:26
BRH:15
end_of_record
TN:
SF:src\modules\auth\auth.routes.js
FN:28,(anonymous_0)
FNF:1
FNH:0
FNDA:0,(anonymous_0)
DA:1,5
DA:2,5
DA:3,5
DA:4,5
DA:5,5
DA:6,5
DA:7,5
DA:10,5
DA:11,5
DA:12,5
DA:13,5
DA:14,5
DA:15,5
DA:16,5
DA:19,5
DA:23,5
DA:29,0
DA:31,0
DA:32,0
DA:34,0
DA:35,0
DA:38,0
DA:40,0
DA:41,0
DA:42,0
DA:47,5
LF:26
LH:17
BRDA:26,0,0,5
BRDA:26,0,1,0
BRDA:32,1,0,0
BRDA:32,1,1,0
BRDA:41,2,0,0
BRDA:41,2,1,0
BRF:6
BRH:1
end_of_record
TN:
SF:src\modules\auth\password-reset.controller.js
FN:9,forgotPassword
FN:54,resetPassword
FN:100,verifyEmail
FNF:3
FNH:0
FNDA:0,forgotPassword
FNDA:0,resetPassword
FNDA:0,verifyEmail
DA:4,5
DA:5,5
DA:6,5
DA:10,0
DA:11,0
DA:12,0
DA:13,0
DA:16,0
DA:17,0
DA:19,0
DA:26,0
DA:27,0
DA:28,0
DA:30,0
DA:37,0
DA:38,0
DA:39,0
DA:41,0
DA:48,0
DA:49,0
DA:55,0
DA:56,0
DA:58,0
DA:59,0
DA:62,0
DA:63,0
DA:67,0
DA:72,0
DA:73,0
DA:80,0
DA:81,0
DA:84,0
DA:86,0
DA:91,0
DA:92,0
DA:96,5
DA:101,0
DA:102,0
DA:103,0
DA:104,0
DA:108,0
DA:109,0
DA:111,0
DA:112,0
DA:113,0
DA:116,0
DA:118,0
DA:120,0
DA:121,0
DA:125,5
LF:50
LH:5
BRDA:12,0,0,0
BRDA:12,0,1,0
BRDA:17,1,0,0
BRDA:17,1,1,0
BRDA:45,2,0,0
BRDA:45,2,1,0
BRDA:58,3,0,0
BRDA:58,3,1,0
BRDA:58,4,0,0
BRDA:58,4,1,0
BRDA:62,5,0,0
BRDA:62,5,1,0
BRDA:72,6,0,0
BRDA:72,6,1,0
BRDA:103,7,0,0
BRDA:103,7,1,0
BRDA:112,8,0,0
BRDA:112,8,1,0
BRF:18
BRH:0
end_of_record
TN:
SF:src\modules\auth\errors\auth.error.js
FN:11,(anonymous_0)
FN:79,(anonymous_1)
FNF:2
FNH:1
FNDA:9,(anonymous_0)
FNDA:0,(anonymous_1)
DA:12,9
DA:13,9
DA:14,9
DA:15,9
DA:16,9
DA:24,5
DA:56,5
DA:79,5
DA:80,0
DA:83,5
LF:10
LH:9
BRDA:11,0,0,0
BRDA:11,1,0,0
BRDA:12,2,0,9
BRDA:12,2,1,0
BRDA:80,3,0,0
BRDA:80,3,1,0
BRF:6
BRH:1
end_of_record
TN:
SF:src\modules\auth\interfaces\auth-provider.interface.js
FN:11,(anonymous_0)
FN:20,(anonymous_1)
FN:29,(anonymous_2)
FN:38,(anonymous_3)
FNF:4
FNH:0
FNDA:0,(anonymous_0)
FNDA:0,(anonymous_1)
FNDA:0,(anonymous_2)
FNDA:0,(anonymous_3)
DA:12,0
DA:21,0
DA:30,0
DA:40,0
DA:44,5
LF:5
LH:1
BRF:0
BRH:0
end_of_record
TN:
SF:src\modules\auth\providers\email-auth.provider.js
FN:17,(anonymous_0)
FN:26,(anonymous_1)
FN:87,(anonymous_2)
FN:167,(anonymous_3)
FN:264,(anonymous_4)
FN:272,(anonymous_5)
FN:280,(anonymous_6)
FNF:7
FNH:5
FNDA:0,(anonymous_0)
FNDA:0,(anonymous_1)
FNDA:20,(anonymous_2)
FNDA:40,(anonymous_3)
FNDA:33,(anonymous_4)
FNDA:33,(anonymous_5)
FNDA:33,(anonymous_6)
DA:7,5
DA:8,5
DA:9,5
DA:10,5
DA:11,5
DA:18,0
DA:27,0
DA:28,0
DA:29,0
DA:32,0
DA:34,0
DA:35,0
DA:43,0
DA:44,0
DA:52,0
DA:65,0
DA:66,0
DA:70,0
DA:71,0
DA:78,0
DA:89,20
DA:90,0
DA:98,20
DA:103,20
DA:104,1
DA:112,19
DA:113,0
DA:121,19
DA:122,19
DA:123,1
DA:131,18
DA:132,0
DA:140,18
DA:147,18
DA:169,40
DA:170,1
DA:178,39
DA:179,1
DA:187,38
DA:188,1
DA:196,37
DA:201,37
DA:202,4
DA:210,33
DA:213,33
DA:216,33
DA:217,33
DA:220,33
DA:223,33
DA:237,33
DA:244,33
DA:265,33
DA:273,33
DA:281,33
DA:285,33
DA:289,5
LF:56
LH:38
BRDA:34,0,0,0
BRDA:34,0,1,0
BRDA:43,1,0,0
BRDA:43,1,1,0
BRDA:65,2,0,0
BRDA:65,2,1,0
BRDA:70,3,0,0
BRDA:70,3,1,0
BRDA:70,4,0,0
BRDA:70,4,1,0
BRDA:89,5,0,0
BRDA:89,5,1,20
BRDA:89,6,0,20
BRDA:89,6,1,20
BRDA:103,7,0,1
BRDA:103,7,1,19
BRDA:112,8,0,0
BRDA:112,8,1,19
BRDA:122,9,0,1
BRDA:122,9,1,18
BRDA:131,10,0,0
BRDA:131,10,1,18
BRDA:169,11,0,1
BRDA:169,11,1,39
BRDA:169,12,0,40
BRDA:169,12,1,39
BRDA:169,12,2,39
BRDA:169,12,3,39
BRDA:178,13,0,1
BRDA:178,13,1,38
BRDA:187,14,0,1
BRDA:187,14,1,37
BRDA:201,15,0,4
BRDA:201,15,1,33
BRDA:220,16,0,3
BRDA:220,16,1,30
BRDA:273,17,0,33
BRDA:273,17,1,0
BRDA:273,18,0,33
BRDA:273,18,1,0
BRF:40
BRH:25
end_of_record
TN:
SF:src\modules\auth\services\auth.service.js
FN:11,(anonymous_0)
FN:24,(anonymous_1)
FN:49,(anonymous_2)
FN:85,(anonymous_3)
FN:100,(anonymous_4)
FN:110,(anonymous_5)
FN:139,(anonymous_6)
FNF:7
FNH:4
FNDA:5,(anonymous_0)
FNDA:0,(anonymous_1)
FNDA:0,(anonymous_2)
FNDA:20,(anonymous_3)
FNDA:40,(anonymous_4)
FNDA:18,(anonymous_5)
FNDA:0,(anonymous_6)
DA:7,5
DA:8,5
DA:13,5
DA:26,0
DA:27,0
DA:31,0
DA:32,0
DA:36,0
DA:37,0
DA:41,0
DA:50,0
DA:51,0
DA:52,0
DA:54,0
DA:55,0
DA:63,0
DA:66,0
DA:69,0
DA:70,0
DA:72,0
DA:86,20
DA:87,20
DA:90,18
DA:92,18
DA:101,40
DA:102,40
DA:111,18
DA:114,18
DA:119,18
DA:140,0
DA:145,5
LF:31
LH:13
BRDA:26,0,0,0
BRDA:26,0,1,0
BRDA:31,1,0,0
BRDA:31,1,1,0
BRDA:36,2,0,0
BRDA:36,2,1,0
BRDA:54,3,0,0
BRDA:54,3,1,0
BRDA:69,4,0,0
BRDA:69,4,1,0
BRDA:121,5,0,18
BRDA:121,5,1,18
BRDA:122,6,0,17
BRDA:122,6,1,1
BRDA:126,7,0,17
BRDA:126,7,1,0
BRF:16
BRH:5
end_of_record
TN:
SF:src\modules\bookings\bookings.controller.js
FN:4,genId
FN:9,createBooking
FN:65,getMyBookings
FN:80,getExpertBookings
FN:93,(anonymous_4)
FN:107,getBooking
FN:123,updateStatus
FN:147,(anonymous_7)
FN:166,formatBooking
FN:181,(anonymous_9)
FNF:10
FNH:1
FNDA:0,genId
FNDA:1,createBooking
FNDA:0,getMyBookings
FNDA:0,getExpertBookings
FNDA:0,(anonymous_4)
FNDA:0,getBooking
FNDA:0,updateStatus
FNDA:0,(anonymous_7)
FNDA:0,formatBooking
FNDA:0,(anonymous_9)
DA:1,5
DA:2,5
DA:5,0
DA:10,1
DA:11,1
DA:14,1
DA:16,1
DA:17,1
DA:19,0
DA:22,0
DA:23,0
DA:27,0
DA:28,0
DA:35,0
DA:36,0
DA:48,0
DA:49,0
DA:56,0
DA:57,0
DA:59,0
DA:60,0
DA:66,0
DA:67,0
DA:71,0
DA:72,0
DA:74,0
DA:75,0
DA:81,0
DA:82,0
DA:90,0
DA:91,0
DA:93,0
DA:101,0
DA:102,0
DA:108,0
DA:109,0
DA:110,0
DA:112,0
DA:113,0
DA:115,0
DA:117,0
DA:118,0
DA:124,0
DA:125,0
DA:126,0
DA:127,0
DA:128,0
DA:130,0
DA:131,0
DA:133,0
DA:134,0
DA:135,0
DA:136,0
DA:137,0
DA:138,0
DA:140,0
DA:146,0
DA:147,0
DA:148,0
DA:150,0
DA:151,0
DA:158,0
DA:159,0
DA:161,0
DA:162,0
DA:167,0
DA:168,0
DA:181,0
DA:190,5
LF:69
LH:8
BRDA:16,0,0,1
BRDA:16,0,1,0
BRDA:16,1,0,1
BRDA:16,1,1,1
BRDA:16,1,2,0
BRDA:16,1,3,0
BRDA:19,2,0,0
BRDA:19,2,1,0
BRDA:19,3,0,0
BRDA:19,3,1,0
BRDA:27,4,0,0
BRDA:27,4,1,0
BRDA:41,5,0,0
BRDA:41,5,1,0
BRDA:42,6,0,0
BRDA:42,6,1,0
BRDA:42,7,0,0
BRDA:42,7,1,0
BRDA:42,8,0,0
BRDA:42,8,1,0
BRDA:43,9,0,0
BRDA:43,9,1,0
BRDA:43,10,0,0
BRDA:43,10,1,0
BRDA:44,11,0,0
BRDA:44,11,1,0
BRDA:44,12,0,0
BRDA:44,12,1,0
BRDA:71,13,0,0
BRDA:71,13,1,0
BRDA:90,14,0,0
BRDA:90,14,1,0
BRDA:110,15,0,0
BRDA:110,15,1,0
BRDA:112,16,0,0
BRDA:112,16,1,0
BRDA:112,17,0,0
BRDA:112,17,1,0
BRDA:112,17,2,0
BRDA:127,18,0,0
BRDA:127,18,1,0
BRDA:131,19,0,0
BRDA:131,19,1,0
BRDA:135,20,0,0
BRDA:135,20,1,0
BRDA:135,21,0,0
BRDA:135,21,1,0
BRDA:135,21,2,0
BRDA:137,22,0,0
BRDA:137,22,1,0
BRDA:137,23,0,0
BRDA:137,23,1,0
BRDA:137,23,2,0
BRDA:146,24,0,0
BRDA:146,24,1,0
BRDA:146,25,0,0
BRDA:146,25,1,0
BRDA:148,26,0,0
BRDA:148,26,1,0
BRDA:167,27,0,0
BRDA:167,27,1,0
BRDA:181,28,0,0
BRDA:181,28,1,0
BRF:63
BRH:3
end_of_record
TN:
SF:src\modules\bookings\bookings.routes.js
FNF:0
FNH:0
DA:1,5
DA:2,5
DA:3,5
DA:4,5
DA:6,5
DA:7,5
DA:8,5
DA:9,5
DA:10,5
DA:12,5
LF:10
LH:10
BRF:0
BRH:0
end_of_record
TN:
SF:src\modules\calendar\calendar.controller.js
FN:4,getSlots
FN:24,(anonymous_1)
FN:36,checkSlots
FNF:3
FNH:2
FNDA:1,getSlots
FNDA:0,(anonymous_1)
FNDA:1,checkSlots
DA:1,5
DA:5,1
DA:6,1
DA:7,1
DA:10,1
DA:11,0
DA:16,1
DA:22,1
DA:23,1
DA:24,1
DA:25,0
DA:28,1
DA:30,0
DA:31,0
DA:37,1
DA:38,1
DA:39,1
DA:41,1
DA:42,0
DA:44,1
DA:45,2
DA:49,2
DA:50,0
DA:58,1
DA:60,0
DA:61,0
DA:65,5
LF:27
LH:19
BRDA:10,0,0,0
BRDA:10,0,1,1
BRDA:22,1,0,1
BRDA:22,1,1,0
BRDA:25,2,0,0
BRDA:25,2,1,0
BRDA:41,3,0,0
BRDA:41,3,1,1
BRDA:41,4,0,1
BRDA:41,4,1,1
BRDA:49,5,0,0
BRDA:49,5,1,2
BRDA:53,6,0,0
BRDA:53,6,1,0
BRF:14
BRH:6
end_of_record
TN:
SF:src\modules\calendar\calendar.routes.js
FNF:0
FNH:0
DA:1,5
DA:2,5
DA:3,5
DA:5,5
DA:6,5
DA:8,5
LF:6
LH:6
BRF:0
BRH:0
end_of_record
TN:
SF:src\modules\chatbot\chatbot.controller.js
FN:13,chat
FN:62,(anonymous_1)
FN:107,getSuggestions
FNF:3
FNH:0
FNDA:0,chat
FNDA:0,(anonymous_1)
FNDA:0,getSuggestions
DA:5,5
DA:6,5
DA:8,5
DA:14,0
DA:15,0
DA:17,0
DA:18,0
DA:21,0
DA:22,0
DA:29,0
DA:30,0
DA:37,0
DA:60,0
DA:62,0
DA:70,0
DA:78,0
DA:80,0
DA:89,0
DA:92,0
DA:93,0
DA:99,0
DA:108,0
DA:109,0
DA:111,0
DA:118,0
DA:125,0
DA:133,5
LF:27
LH:4
BRDA:15,0,0,0
BRDA:17,1,0,0
BRDA:17,1,1,0
BRDA:17,2,0,0
BRDA:17,2,1,0
BRDA:21,3,0,0
BRDA:21,3,1,0
BRDA:29,4,0,0
BRDA:29,4,1,0
BRDA:30,5,0,0
BRDA:30,5,1,0
BRDA:33,6,0,0
BRDA:33,6,1,0
BRDA:47,7,0,0
BRDA:47,7,1,0
BRDA:47,8,0,0
BRDA:47,8,1,0
BRDA:47,9,0,0
BRDA:47,9,1,0
BRDA:48,10,0,0
BRDA:48,10,1,0
BRDA:63,11,0,0
BRDA:63,11,1,0
BRDA:78,12,0,0
BRDA:78,12,1,0
BRDA:84,13,0,0
BRDA:84,13,1,0
BRDA:92,14,0,0
BRDA:92,14,1,0
BRDA:109,15,0,0
BRDA:109,15,1,0
BRDA:109,15,2,0
BRDA:128,16,0,0
BRDA:128,16,1,0
BRF:34
BRH:0
end_of_record
TN:
SF:src\modules\chatbot\chatbot.routes.js
FNF:0
FNH:0
DA:4,5
DA:5,5
DA:6,5
DA:7,5
DA:10,5
DA:11,5
DA:13,5
LF:7
LH:7
BRF:0
BRH:0
end_of_record
TN:
SF:src\modules\experts\experts.controller.js
FN:5,listExperts
FN:55,_filterExperts
FN:58,(anonymous_2)
FN:62,(anonymous_3)
FN:67,(anonymous_4)
FN:69,(anonymous_5)
FN:76,getExpert
FN:116,updateExpertProfile
FN:156,formatExpert
FN:176,(anonymous_9)
FNF:10
FNH:0
FNDA:0,listExperts
FNDA:0,_filterExperts
FNDA:0,(anonymous_2)
FNDA:0,(anonymous_3)
FNDA:0,(anonymous_4)
FNDA:0,(anonymous_5)
FNDA:0,getExpert
FNDA:0,updateExpertProfile
FNDA:0,formatExpert
FNDA:0,(anonymous_9)
DA:1,5
DA:2,5
DA:6,0
DA:7,0
DA:10,0
DA:11,0
DA:12,0
DA:13,0
DA:14,0
DA:18,0
DA:25,0
DA:33,0
DA:35,0
DA:36,0
DA:38,0
DA:39,0
DA:40,0
DA:41,0
DA:44,0
DA:45,0
DA:48,0
DA:50,0
DA:51,0
DA:56,0
DA:57,0
DA:58,0
DA:59,0
DA:60,0
DA:62,0
DA:65,0
DA:66,0
DA:67,0
DA:68,0
DA:69,0
DA:72,0
DA:77,0
DA:79,0
DA:80,0
DA:81,0
DA:82,0
DA:85,0
DA:94,0
DA:96,0
DA:101,0
DA:103,0
DA:106,0
DA:108,0
DA:110,0
DA:111,0
DA:117,0
DA:118,0
DA:119,0
DA:121,0
DA:122,0
DA:128,0
DA:129,0
DA:130,0
DA:131,0
DA:132,0
DA:133,0
DA:134,0
DA:135,0
DA:139,0
DA:140,0
DA:142,0
DA:149,0
DA:151,0
DA:152,0
DA:157,0
DA:158,0
DA:176,0
DA:180,5
LF:72
LH:3
BRDA:7,0,0,0
BRDA:10,1,0,0
BRDA:10,1,1,0
BRDA:10,2,0,0
BRDA:10,2,1,0
BRDA:11,3,0,0
BRDA:11,3,1,0
BRDA:13,4,0,0
BRDA:13,4,1,0
BRDA:35,5,0,0
BRDA:35,5,1,0
BRDA:36,6,0,0
BRDA:36,6,1,0
BRDA:39,7,0,0
BRDA:39,7,1,0
BRDA:44,8,0,0
BRDA:44,8,1,0
BRDA:56,9,0,0
BRDA:56,9,1,0
BRDA:59,10,0,0
BRDA:59,10,1,0
BRDA:60,11,0,0
BRDA:60,11,1,0
BRDA:60,11,2,0
BRDA:61,12,0,0
BRDA:61,12,1,0
BRDA:65,13,0,0
BRDA:65,13,1,0
BRDA:68,14,0,0
BRDA:68,14,1,0
BRDA:69,15,0,0
BRDA:69,15,1,0
BRDA:81,16,0,0
BRDA:81,16,1,0
BRDA:94,17,0,0
BRDA:94,17,1,0
BRDA:101,18,0,0
BRDA:101,18,1,0
BRDA:121,19,0,0
BRDA:121,19,1,0
BRDA:124,20,0,0
BRDA:124,20,1,0
BRDA:124,21,0,0
BRDA:124,21,1,0
BRDA:124,22,0,0
BRDA:124,22,1,0
BRDA:125,23,0,0
BRDA:125,23,1,0
BRDA:125,24,0,0
BRDA:125,24,1,0
BRDA:125,25,0,0
BRDA:125,25,1,0
BRDA:129,26,0,0
BRDA:129,26,1,0
BRDA:130,27,0,0
BRDA:130,27,1,0
BRDA:131,28,0,0
BRDA:131,28,1,0
BRDA:132,29,0,0
BRDA:132,29,1,0
BRDA:133,30,0,0
BRDA:133,30,1,0
BRDA:134,31,0,0
BRDA:134,31,1,0
BRDA:157,32,0,0
BRDA:157,32,1,0
BRDA:175,33,0,0
BRDA:175,33,1,0
BRF:68
BRH:0
end_of_record
TN:
SF:src\modules\experts\experts.routes.js
FNF:0
FNH:0
DA:1,5
DA:2,5
DA:3,5
DA:4,5
DA:6,5
DA:7,5
DA:8,5
DA:10,5
LF:8
LH:8
BRF:0
BRH:0
end_of_record
TN:
SF:src\modules\notifications\notifications.controller.js
FN:4,getNotifications
FN:19,(anonymous_1)
FN:34,(anonymous_2)
FN:49,(anonymous_3)
FN:55,(anonymous_4)
FN:65,getUserStats
FNF:6
FNH:0
FNDA:0,getNotifications
FNDA:0,(anonymous_1)
FNDA:0,(anonymous_2)
FNDA:0,(anonymous_3)
FNDA:0,(anonymous_4)
FNDA:0,getUserStats
DA:1,5
DA:5,0
DA:6,0
DA:8,0
DA:17,0
DA:19,0
DA:20,0
DA:26,0
DA:34,0
DA:35,0
DA:41,0
DA:49,0
DA:51,0
DA:55,0
DA:59,0
DA:60,0
DA:66,0
DA:67,0
DA:70,0
DA:81,0
DA:82,0
DA:84,0
DA:94,0
DA:103,0
DA:117,0
DA:118,0
DA:122,5
LF:27
LH:2
BRDA:19,0,0,0
BRDA:19,0,1,0
BRDA:20,1,0,0
BRDA:20,1,1,0
BRDA:24,2,0,0
BRDA:24,2,1,0
BRDA:26,3,0,0
BRDA:26,3,1,0
BRDA:30,4,0,0
BRDA:30,4,1,0
BRDA:34,5,0,0
BRDA:34,5,1,0
BRDA:35,6,0,0
BRDA:35,6,1,0
BRDA:41,7,0,0
BRDA:41,7,1,0
BRDA:45,8,0,0
BRDA:45,8,1,0
BRDA:82,9,0,0
BRDA:82,9,1,0
BRDA:95,10,0,0
BRDA:95,10,1,0
BRDA:96,11,0,0
BRDA:96,11,1,0
BRDA:97,12,0,0
BRDA:97,12,1,0
BRDA:98,13,0,0
BRDA:98,13,1,0
BRDA:99,14,0,0
BRDA:99,14,1,0
BRDA:107,15,0,0
BRDA:107,15,1,0
BRDA:108,16,0,0
BRDA:108,16,1,0
BRDA:109,17,0,0
BRDA:109,17,1,0
BRDA:110,18,0,0
BRDA:110,18,1,0
BRDA:111,19,0,0
BRDA:111,19,1,0
BRF:40
BRH:0
end_of_record
TN:
SF:src\modules\notifications\notifications.routes.js
FNF:0
FNH:0
DA:1,5
DA:2,5
DA:3,5
DA:4,5
DA:6,5
DA:7,5
DA:9,5
LF:7
LH:7
BRF:0
BRH:0
end_of_record
TN:
SF:src\modules\reviews\reviews.controller.js
FN:4,genId
FN:9,getReviews
FN:23,(anonymous_2)
FN:44,addReview
FNF:4
FNH:0
FNDA:0,genId
FNDA:0,getReviews
FNDA:0,(anonymous_2)
FNDA:0,addReview
DA:1,5
DA:2,5
DA:5,0
DA:10,0
DA:11,0
DA:19,0
DA:20,0
DA:23,0
DA:38,0
DA:39,0
DA:45,0
DA:46,0
DA:48,0
DA:49,0
DA:50,0
DA:51,0
DA:53,0
DA:54,0
DA:55,0
DA:57,0
DA:58,0
DA:60,0
DA:66,0
DA:70,0
DA:71,0
DA:79,0
DA:80,0
DA:97,0
DA:98,0
DA:102,5
LF:30
LH:3
BRDA:19,0,0,0
BRDA:19,0,1,0
BRDA:48,1,0,0
BRDA:48,1,1,0
BRDA:48,2,0,0
BRDA:48,2,1,0
BRDA:48,2,2,0
BRDA:50,3,0,0
BRDA:50,3,1,0
BRDA:50,4,0,0
BRDA:50,4,1,0
BRDA:54,5,0,0
BRDA:54,5,1,0
BRDA:54,6,0,0
BRDA:54,6,1,0
BRDA:62,7,0,0
BRDA:62,7,1,0
BRDA:70,8,0,0
BRDA:70,8,1,0
BRDA:73,9,0,0
BRDA:73,9,1,0
BRDA:74,10,0,0
BRDA:74,10,1,0
BRDA:86,11,0,0
BRDA:86,11,1,0
BRDA:91,12,0,0
BRDA:91,12,1,0
BRF:27
BRH:0
end_of_record
TN:
SF:src\modules\reviews\reviews.routes.js
FNF:0
FNH:0
DA:1,5
DA:2,5
DA:3,5
DA:4,5
DA:6,5
DA:7,5
DA:9,5
LF:7
LH:7
BRF:0
BRH:0
end_of_record
TN:
SF:src\modules\users\upload.controller.js
FN:9,uploadAvatar
FNF:1
FNH:0
FNDA:0,uploadAvatar
DA:6,5
DA:10,0
DA:11,0
DA:13,0
DA:14,0
DA:18,0
DA:19,0
DA:22,0
DA:24,0
DA:30,0
DA:31,0
DA:35,5
LF:12
LH:2
BRDA:13,0,0,0
BRDA:13,0,1,0
BRDA:13,1,0,0
BRDA:13,1,1,0
BRDA:18,2,0,0
BRDA:18,2,1,0
BRF:6
BRH:0
end_of_record
TN:
SF:src\modules\users\users.controller.js
FN:5,getProfile
FN:18,updateProfile
FN:33,changePassword
FN:58,deleteAccount
FN:75,formatUser
FNF:5
FNH:0
FNDA:0,getProfile
FNDA:0,updateProfile
FNDA:0,changePassword
FNDA:0,deleteAccount
FNDA:0,formatUser
DA:1,5
DA:2,5
DA:6,0
DA:7,0
DA:8,0
DA:9,0
DA:10,0
DA:12,0
DA:13,0
DA:19,0
DA:20,0
DA:21,0
DA:22,0
DA:23,0
DA:24,0
DA:25,0
DA:27,0
DA:28,0
DA:34,0
DA:35,0
DA:36,0
DA:37,0
DA:38,0
DA:39,0
DA:41,0
DA:42,0
DA:43,0
DA:45,0
DA:46,0
DA:48,0
DA:49,0
DA:50,0
DA:52,0
DA:53,0
DA:59,0
DA:60,0
DA:61,0
DA:62,0
DA:63,0
DA:64,0
DA:65,0
DA:67,0
DA:68,0
DA:70,0
DA:71,0
DA:76,0
DA:97,5
LF:47
LH:3
BRDA:8,0,0,0
BRDA:8,0,1,0
BRDA:21,1,0,0
BRDA:21,1,1,0
BRDA:22,2,0,0
BRDA:22,2,1,0
BRDA:36,3,0,0
BRDA:36,3,1,0
BRDA:36,4,0,0
BRDA:36,4,1,0
BRDA:38,5,0,0
BRDA:38,5,1,0
BRDA:42,6,0,0
BRDA:42,6,1,0
BRDA:46,7,0,0
BRDA:46,7,1,0
BRDA:62,8,0,0
BRDA:62,8,1,0
BRDA:63,9,0,0
BRDA:63,9,1,0
BRDA:65,10,0,0
BRDA:65,10,1,0
BRDA:84,11,0,0
BRDA:84,11,1,0
BRDA:85,12,0,0
BRDA:85,12,1,0
BRDA:89,13,0,0
BRDA:89,13,1,0
BRF:28
BRH:0
end_of_record
TN:
SF:src\modules\users\users.routes.js
FNF:0
FNH:0
DA:1,5
DA:2,5
DA:3,5
DA:4,5
DA:5,5
DA:7,5
DA:8,5
DA:9,5
DA:10,5
DA:11,5
DA:13,5
LF:11
LH:11
BRF:0
BRH:0
end_of_record
TN:
SF:src\utils\sanitize.js
FN:10,sanitizeText
FN:31,sanitizeFields
FN:33,(anonymous_2)
FNF:3
FNH:0
FNDA:0,sanitizeText
FNDA:0,sanitizeFields
FNDA:0,(anonymous_2)
DA:11,0
DA:12,0
DA:32,0
DA:33,0
DA:34,0
DA:35,0
DA:38,0
DA:41,5
LF:8
LH:1
BRDA:11,0,0,0
BRDA:11,0,1,0
BRDA:11,1,0,0
BRDA:11,1,1,0
BRDA:34,2,0,0
BRDA:34,2,1,0
BRDA:34,3,0,0
BRDA:34,3,1,0
BRF:8
BRH:0
end_of_record
TN:
SF:tests\helpers.js
FN:6,(anonymous_0)
FN:12,registerAndLogin
FNF:2
FNH:2
FNDA:5,(anonymous_0)
FNDA:27,registerAndLogin
DA:1,5
DA:2,5
DA:3,5
DA:6,5
DA:7,5
DA:8,5
DA:9,5
DA:13,27
DA:20,27
DA:21,27
DA:24,5
LF:11
LH:11
BRDA:12,0,0,0
BRF:1
BRH:0
end_of_record
